{"/Users/fmartins/Trybe/fabemiliano.github.io/projetos/recipe-app/sd-03-recipes-app-04/src/App.js": {"path":"/Users/fmartins/Trybe/fabemiliano.github.io/projetos/recipe-app/sd-03-recipes-app-04/src/App.js","statementMap":{"0":{"start":{"line":26,"column":2},"end":{"line":57,"column":4}},"1":{"start":{"line":33,"column":60},"end":{"line":33,"column":95}},"2":{"start":{"line":34,"column":60},"end":{"line":34,"column":96}}},"fnMap":{"0":{"name":"App","decl":{"start":{"line":25,"column":9},"end":{"line":25,"column":12}},"loc":{"start":{"line":25,"column":15},"end":{"line":58,"column":1}},"line":25},"1":{"name":"(anonymous_1)","decl":{"start":{"line":33,"column":49},"end":{"line":33,"column":50}},"loc":{"start":{"line":33,"column":60},"end":{"line":33,"column":95}},"line":33},"2":{"name":"(anonymous_2)","decl":{"start":{"line":34,"column":49},"end":{"line":34,"column":50}},"loc":{"start":{"line":34,"column":60},"end":{"line":34,"column":96}},"line":34}},"branchMap":{},"s":{"0":1,"1":0,"2":0},"f":{"0":1,"1":0,"2":0},"b":{},"_coverageSchema":"43e27e138ebf9cfc5966b082cf9a028302ed4184","hash":"454de8d68cb4b41a25762fed7695a90e144e4c5f"}
,"/Users/fmartins/Trybe/fabemiliano.github.io/projetos/recipe-app/sd-03-recipes-app-04/src/components/DetailsDrinkScreen.jsx": {"path":"/Users/fmartins/Trybe/fabemiliano.github.io/projetos/recipe-app/sd-03-recipes-app-04/src/components/DetailsDrinkScreen.jsx","statementMap":{"0":{"start":{"line":8,"column":17},"end":{"line":8,"column":41}},"1":{"start":{"line":9,"column":34},"end":{"line":9,"column":63}},"2":{"start":{"line":10,"column":36},"end":{"line":10,"column":50}},"3":{"start":{"line":11,"column":2},"end":{"line":14,"column":11}},"4":{"start":{"line":12,"column":4},"end":{"line":12,"column":28}},"5":{"start":{"line":13,"column":4},"end":{"line":13,"column":24}},"6":{"start":{"line":16,"column":2},"end":{"line":26,"column":4}},"7":{"start":{"line":29,"column":0},"end":{"line":31,"column":2}}},"fnMap":{"0":{"name":"DetailsDrinkScreen","decl":{"start":{"line":7,"column":24},"end":{"line":7,"column":42}},"loc":{"start":{"line":7,"column":50},"end":{"line":27,"column":1}},"line":7},"1":{"name":"(anonymous_1)","decl":{"start":{"line":11,"column":12},"end":{"line":11,"column":13}},"loc":{"start":{"line":11,"column":18},"end":{"line":14,"column":3}},"line":11}},"branchMap":{"0":{"loc":{"start":{"line":18,"column":7},"end":{"line":18,"column":42}},"type":"binary-expr","locations":[{"start":{"line":18,"column":7},"end":{"line":18,"column":16}},{"start":{"line":18,"column":20},"end":{"line":18,"column":42}}],"line":18},"1":{"loc":{"start":{"line":19,"column":7},"end":{"line":24,"column":7}},"type":"binary-expr","locations":[{"start":{"line":19,"column":7},"end":{"line":19,"column":17}},{"start":{"line":20,"column":8},"end":{"line":23,"column":14}}],"line":19},"2":{"loc":{"start":{"line":21,"column":13},"end":{"line":21,"column":45}},"type":"binary-expr","locations":[{"start":{"line":21,"column":13},"end":{"line":21,"column":23}},{"start":{"line":21,"column":27},"end":{"line":21,"column":45}}],"line":21},"3":{"loc":{"start":{"line":22,"column":13},"end":{"line":22,"column":43}},"type":"binary-expr","locations":[{"start":{"line":22,"column":13},"end":{"line":22,"column":23}},{"start":{"line":22,"column":27},"end":{"line":22,"column":43}}],"line":22}},"s":{"0":8,"1":8,"2":8,"3":8,"4":2,"5":2,"6":8,"7":2},"f":{"0":8,"1":2},"b":{"0":[8,2],"1":[8,6],"2":[6,6],"3":[6,6]},"_coverageSchema":"43e27e138ebf9cfc5966b082cf9a028302ed4184","hash":"0d003da89b30b0f5da3e78974465d31a2f6b61fb"}
,"/Users/fmartins/Trybe/fabemiliano.github.io/projetos/recipe-app/sd-03-recipes-app-04/src/components/DetailsFoodScreen.jsx": {"path":"/Users/fmartins/Trybe/fabemiliano.github.io/projetos/recipe-app/sd-03-recipes-app-04/src/components/DetailsFoodScreen.jsx","statementMap":{"0":{"start":{"line":9,"column":17},"end":{"line":9,"column":41}},"1":{"start":{"line":10,"column":33},"end":{"line":10,"column":62}},"2":{"start":{"line":11,"column":36},"end":{"line":11,"column":50}},"3":{"start":{"line":12,"column":2},"end":{"line":15,"column":11}},"4":{"start":{"line":13,"column":4},"end":{"line":13,"column":27}},"5":{"start":{"line":14,"column":4},"end":{"line":14,"column":24}},"6":{"start":{"line":17,"column":2},"end":{"line":27,"column":4}},"7":{"start":{"line":30,"column":0},"end":{"line":32,"column":2}}},"fnMap":{"0":{"name":"DetailsFoodScreen","decl":{"start":{"line":8,"column":24},"end":{"line":8,"column":41}},"loc":{"start":{"line":8,"column":49},"end":{"line":28,"column":1}},"line":8},"1":{"name":"(anonymous_1)","decl":{"start":{"line":12,"column":12},"end":{"line":12,"column":13}},"loc":{"start":{"line":12,"column":18},"end":{"line":15,"column":3}},"line":12}},"branchMap":{"0":{"loc":{"start":{"line":19,"column":7},"end":{"line":19,"column":42}},"type":"binary-expr","locations":[{"start":{"line":19,"column":7},"end":{"line":19,"column":16}},{"start":{"line":19,"column":20},"end":{"line":19,"column":42}}],"line":19},"1":{"loc":{"start":{"line":20,"column":7},"end":{"line":25,"column":7}},"type":"binary-expr","locations":[{"start":{"line":20,"column":7},"end":{"line":20,"column":17}},{"start":{"line":21,"column":8},"end":{"line":24,"column":14}}],"line":20},"2":{"loc":{"start":{"line":22,"column":13},"end":{"line":22,"column":44}},"type":"binary-expr","locations":[{"start":{"line":22,"column":13},"end":{"line":22,"column":23}},{"start":{"line":22,"column":27},"end":{"line":22,"column":44}}],"line":22},"3":{"loc":{"start":{"line":23,"column":13},"end":{"line":23,"column":42}},"type":"binary-expr","locations":[{"start":{"line":23,"column":13},"end":{"line":23,"column":23}},{"start":{"line":23,"column":27},"end":{"line":23,"column":42}}],"line":23}},"s":{"0":8,"1":8,"2":8,"3":8,"4":2,"5":2,"6":8,"7":2},"f":{"0":8,"1":2},"b":{"0":[8,2],"1":[8,6],"2":[6,6],"3":[6,6]},"_coverageSchema":"43e27e138ebf9cfc5966b082cf9a028302ed4184","hash":"f67215c36839ff8c9fc6c4d2c56eae0ced0468ea"}
,"/Users/fmartins/Trybe/fabemiliano.github.io/projetos/recipe-app/sd-03-recipes-app-04/src/components/DoneRecipes.jsx": {"path":"/Users/fmartins/Trybe/fabemiliano.github.io/projetos/recipe-app/sd-03-recipes-app-04/src/components/DoneRecipes.jsx","statementMap":{"0":{"start":{"line":11,"column":16},"end":{"line":45,"column":1}},"1":{"start":{"line":12,"column":15},"end":{"line":12,"column":55}},"2":{"start":{"line":12,"column":35},"end":{"line":12,"column":54}},"3":{"start":{"line":13,"column":17},"end":{"line":13,"column":57}},"4":{"start":{"line":13,"column":37},"end":{"line":13,"column":56}},"5":{"start":{"line":14,"column":2},"end":{"line":44,"column":4}},"6":{"start":{"line":20,"column":23},"end":{"line":20,"column":40}},"7":{"start":{"line":29,"column":23},"end":{"line":29,"column":39}},"8":{"start":{"line":38,"column":23},"end":{"line":38,"column":41}},"9":{"start":{"line":47,"column":18},"end":{"line":55,"column":1}},"10":{"start":{"line":48,"column":2},"end":{"line":54,"column":7}},"11":{"start":{"line":50,"column":6},"end":{"line":50,"column":20}},"12":{"start":{"line":51,"column":6},"end":{"line":53,"column":15}},"13":{"start":{"line":52,"column":8},"end":{"line":52,"column":21}},"14":{"start":{"line":57,"column":22},"end":{"line":102,"column":1}},"15":{"start":{"line":58,"column":2},"end":{"line":101,"column":8}},"16":{"start":{"line":70,"column":6},"end":{"line":99,"column":12}},"17":{"start":{"line":87,"column":12},"end":{"line":87,"column":87}},"18":{"start":{"line":94,"column":25},"end":{"line":94,"column":52}},"19":{"start":{"line":104,"column":20},"end":{"line":125,"column":1}},"20":{"start":{"line":105,"column":32},"end":{"line":105,"column":44}},"21":{"start":{"line":106,"column":16},"end":{"line":106,"column":63}},"22":{"start":{"line":107,"column":24},"end":{"line":107,"column":38}},"23":{"start":{"line":109,"column":16},"end":{"line":109,"column":63}},"24":{"start":{"line":110,"column":2},"end":{"line":110,"column":33}},"25":{"start":{"line":110,"column":18},"end":{"line":110,"column":31}},"26":{"start":{"line":112,"column":2},"end":{"line":115,"column":9}},"27":{"start":{"line":113,"column":4},"end":{"line":113,"column":27}},"28":{"start":{"line":114,"column":4},"end":{"line":114,"column":24}},"29":{"start":{"line":117,"column":2},"end":{"line":124,"column":4}}},"fnMap":{"0":{"name":"(anonymous_0)","decl":{"start":{"line":11,"column":16},"end":{"line":11,"column":17}},"loc":{"start":{"line":11,"column":39},"end":{"line":45,"column":1}},"line":11},"1":{"name":"(anonymous_1)","decl":{"start":{"line":12,"column":28},"end":{"line":12,"column":29}},"loc":{"start":{"line":12,"column":35},"end":{"line":12,"column":54}},"line":12},"2":{"name":"(anonymous_2)","decl":{"start":{"line":13,"column":30},"end":{"line":13,"column":31}},"loc":{"start":{"line":13,"column":37},"end":{"line":13,"column":56}},"line":13},"3":{"name":"(anonymous_3)","decl":{"start":{"line":20,"column":17},"end":{"line":20,"column":18}},"loc":{"start":{"line":20,"column":23},"end":{"line":20,"column":40}},"line":20},"4":{"name":"(anonymous_4)","decl":{"start":{"line":29,"column":17},"end":{"line":29,"column":18}},"loc":{"start":{"line":29,"column":23},"end":{"line":29,"column":39}},"line":29},"5":{"name":"(anonymous_5)","decl":{"start":{"line":38,"column":17},"end":{"line":38,"column":18}},"loc":{"start":{"line":38,"column":23},"end":{"line":38,"column":41}},"line":38},"6":{"name":"(anonymous_6)","decl":{"start":{"line":47,"column":18},"end":{"line":47,"column":19}},"loc":{"start":{"line":47,"column":40},"end":{"line":55,"column":1}},"line":47},"7":{"name":"(anonymous_7)","decl":{"start":{"line":49,"column":10},"end":{"line":49,"column":11}},"loc":{"start":{"line":49,"column":16},"end":{"line":54,"column":5}},"line":49},"8":{"name":"(anonymous_8)","decl":{"start":{"line":51,"column":17},"end":{"line":51,"column":18}},"loc":{"start":{"line":51,"column":23},"end":{"line":53,"column":7}},"line":51},"9":{"name":"(anonymous_9)","decl":{"start":{"line":57,"column":22},"end":{"line":57,"column":23}},"loc":{"start":{"line":58,"column":2},"end":{"line":101,"column":8}},"line":58},"10":{"name":"(anonymous_10)","decl":{"start":{"line":59,"column":17},"end":{"line":59,"column":18}},"loc":{"start":{"line":70,"column":6},"end":{"line":99,"column":12}},"line":70},"11":{"name":"(anonymous_11)","decl":{"start":{"line":86,"column":20},"end":{"line":86,"column":21}},"loc":{"start":{"line":87,"column":12},"end":{"line":87,"column":87}},"line":87},"12":{"name":"(anonymous_12)","decl":{"start":{"line":94,"column":19},"end":{"line":94,"column":20}},"loc":{"start":{"line":94,"column":25},"end":{"line":94,"column":52}},"line":94},"13":{"name":"(anonymous_13)","decl":{"start":{"line":104,"column":20},"end":{"line":104,"column":21}},"loc":{"start":{"line":104,"column":26},"end":{"line":125,"column":1}},"line":104},"14":{"name":"(anonymous_14)","decl":{"start":{"line":112,"column":12},"end":{"line":112,"column":13}},"loc":{"start":{"line":112,"column":18},"end":{"line":115,"column":3}},"line":112}},"branchMap":{"0":{"loc":{"start":{"line":80,"column":9},"end":{"line":82,"column":16}},"type":"cond-expr","locations":[{"start":{"line":81,"column":12},"end":{"line":81,"column":81}},{"start":{"line":82,"column":12},"end":{"line":82,"column":16}}],"line":80},"1":{"loc":{"start":{"line":110,"column":2},"end":{"line":110,"column":33}},"type":"if","locations":[{"start":{"line":110,"column":2},"end":{"line":110,"column":33}},{"start":{"line":110,"column":2},"end":{"line":110,"column":33}}],"line":110},"2":{"loc":{"start":{"line":120,"column":7},"end":{"line":120,"column":42}},"type":"binary-expr","locations":[{"start":{"line":120,"column":7},"end":{"line":120,"column":12}},{"start":{"line":120,"column":16},"end":{"line":120,"column":42}}],"line":120},"3":{"loc":{"start":{"line":121,"column":7},"end":{"line":121,"column":48}},"type":"binary-expr","locations":[{"start":{"line":121,"column":7},"end":{"line":121,"column":14}},{"start":{"line":121,"column":18},"end":{"line":121,"column":48}}],"line":121}},"s":{"0":1,"1":0,"2":0,"3":0,"4":0,"5":0,"6":0,"7":0,"8":0,"9":1,"10":0,"11":0,"12":0,"13":0,"14":1,"15":0,"16":0,"17":0,"18":0,"19":1,"20":0,"21":0,"22":0,"23":0,"24":0,"25":0,"26":0,"27":0,"28":0,"29":0},"f":{"0":0,"1":0,"2":0,"3":0,"4":0,"5":0,"6":0,"7":0,"8":0,"9":0,"10":0,"11":0,"12":0,"13":0,"14":0},"b":{"0":[0,0],"1":[0,0],"2":[0,0],"3":[0,0]},"_coverageSchema":"43e27e138ebf9cfc5966b082cf9a028302ed4184","hash":"01ecdbd0cde58b6f8627be6b9a63454d138c5188"}
,"/Users/fmartins/Trybe/fabemiliano.github.io/projetos/recipe-app/sd-03-recipes-app-04/src/components/DrinkBasicInfo.jsx": {"path":"/Users/fmartins/Trybe/fabemiliano.github.io/projetos/recipe-app/sd-03-recipes-app-04/src/components/DrinkBasicInfo.jsx","statementMap":{"0":{"start":{"line":7,"column":2},"end":{"line":31,"column":4}},"1":{"start":{"line":12,"column":10},"end":{"line":26,"column":11}},"2":{"start":{"line":13,"column":12},"end":{"line":25,"column":14}},"3":{"start":{"line":27,"column":10},"end":{"line":27,"column":21}},"4":{"start":{"line":37,"column":6},"end":{"line":37,"column":35}},"5":{"start":{"line":38,"column":19},"end":{"line":38,"column":85}},"6":{"start":{"line":38,"column":57},"end":{"line":38,"column":84}},"7":{"start":{"line":39,"column":23},"end":{"line":39,"column":86}},"8":{"start":{"line":39,"column":61},"end":{"line":39,"column":85}},"9":{"start":{"line":40,"column":2},"end":{"line":64,"column":4}},"10":{"start":{"line":51,"column":8},"end":{"line":58,"column":9}},"11":{"start":{"line":52,"column":10},"end":{"line":57,"column":12}},"12":{"start":{"line":58,"column":10},"end":{"line":58,"column":21}}},"fnMap":{"0":{"name":"renderRecomendations","decl":{"start":{"line":6,"column":9},"end":{"line":6,"column":29}},"loc":{"start":{"line":6,"column":45},"end":{"line":32,"column":1}},"line":6},"1":{"name":"(anonymous_1)","decl":{"start":{"line":11,"column":30},"end":{"line":11,"column":31}},"loc":{"start":{"line":11,"column":45},"end":{"line":28,"column":9}},"line":11},"2":{"name":"BasicInfo","decl":{"start":{"line":34,"column":9},"end":{"line":34,"column":18}},"loc":{"start":{"line":34,"column":21},"end":{"line":65,"column":1}},"line":34},"3":{"name":"(anonymous_3)","decl":{"start":{"line":38,"column":50},"end":{"line":38,"column":51}},"loc":{"start":{"line":38,"column":57},"end":{"line":38,"column":84}},"line":38},"4":{"name":"(anonymous_4)","decl":{"start":{"line":39,"column":54},"end":{"line":39,"column":55}},"loc":{"start":{"line":39,"column":61},"end":{"line":39,"column":85}},"line":39},"5":{"name":"(anonymous_5)","decl":{"start":{"line":50,"column":23},"end":{"line":50,"column":24}},"loc":{"start":{"line":50,"column":38},"end":{"line":59,"column":7}},"line":50}},"branchMap":{"0":{"loc":{"start":{"line":12,"column":10},"end":{"line":26,"column":11}},"type":"if","locations":[{"start":{"line":12,"column":10},"end":{"line":26,"column":11}},{"start":{"line":12,"column":10},"end":{"line":26,"column":11}}],"line":12},"1":{"loc":{"start":{"line":51,"column":8},"end":{"line":58,"column":9}},"type":"if","locations":[{"start":{"line":51,"column":8},"end":{"line":58,"column":9}},{"start":{"line":51,"column":8},"end":{"line":58,"column":9}}],"line":51}},"s":{"0":6,"1":50,"2":12,"3":38,"4":6,"5":6,"6":212,"7":6,"8":212,"9":6,"10":60,"11":28,"12":32},"f":{"0":6,"1":50,"2":6,"3":212,"4":212,"5":60},"b":{"0":[12,38],"1":[28,32]},"_coverageSchema":"43e27e138ebf9cfc5966b082cf9a028302ed4184","hash":"cd2e09b4347dd346f75fc55ab24f6d1f8efd8c4e"}
,"/Users/fmartins/Trybe/fabemiliano.github.io/projetos/recipe-app/sd-03-recipes-app-04/src/components/DrinkButtons.jsx": {"path":"/Users/fmartins/Trybe/fabemiliano.github.io/projetos/recipe-app/sd-03-recipes-app-04/src/components/DrinkButtons.jsx","statementMap":{"0":{"start":{"line":14,"column":2},"end":{"line":14,"column":31}},"1":{"start":{"line":14,"column":25},"end":{"line":14,"column":29}},"2":{"start":{"line":17,"column":6},"end":{"line":17,"column":16}},"3":{"start":{"line":18,"column":20},"end":{"line":26,"column":3}},"4":{"start":{"line":27,"column":16},"end":{"line":27,"column":67}},"5":{"start":{"line":28,"column":2},"end":{"line":30,"column":3}},"6":{"start":{"line":29,"column":4},"end":{"line":29,"column":17}},"7":{"start":{"line":31,"column":2},"end":{"line":34,"column":3}},"8":{"start":{"line":32,"column":23},"end":{"line":32,"column":46}},"9":{"start":{"line":33,"column":4},"end":{"line":33,"column":72}},"10":{"start":{"line":35,"column":2},"end":{"line":38,"column":3}},"11":{"start":{"line":36,"column":23},"end":{"line":36,"column":62}},"12":{"start":{"line":36,"column":45},"end":{"line":36,"column":61}},"13":{"start":{"line":37,"column":4},"end":{"line":37,"column":72}},"14":{"start":{"line":42,"column":18},"end":{"line":42,"column":71}},"15":{"start":{"line":44,"column":2},"end":{"line":48,"column":3}},"16":{"start":{"line":45,"column":4},"end":{"line":45,"column":20}},"17":{"start":{"line":47,"column":4},"end":{"line":47,"column":67}},"18":{"start":{"line":47,"column":57},"end":{"line":47,"column":65}},"19":{"start":{"line":49,"column":2},"end":{"line":49,"column":17}},"20":{"start":{"line":53,"column":2},"end":{"line":67,"column":4}},"21":{"start":{"line":58,"column":23},"end":{"line":58,"column":75}},"22":{"start":{"line":71,"column":2},"end":{"line":81,"column":4}},"23":{"start":{"line":75,"column":23},"end":{"line":75,"column":47}},"24":{"start":{"line":85,"column":36},"end":{"line":85,"column":51}},"25":{"start":{"line":86,"column":38},"end":{"line":86,"column":53}},"26":{"start":{"line":87,"column":26},"end":{"line":87,"column":40}},"27":{"start":{"line":88,"column":29},"end":{"line":88,"column":58}},"28":{"start":{"line":89,"column":2},"end":{"line":91,"column":11}},"29":{"start":{"line":90,"column":4},"end":{"line":90,"column":59}},"30":{"start":{"line":90,"column":37},"end":{"line":90,"column":57}},"31":{"start":{"line":92,"column":2},"end":{"line":119,"column":4}},"32":{"start":{"line":99,"column":25},"end":{"line":99,"column":43}},"33":{"start":{"line":110,"column":25},"end":{"line":110,"column":43}}},"fnMap":{"0":{"name":"clickFavorite","decl":{"start":{"line":13,"column":9},"end":{"line":13,"column":22}},"loc":{"start":{"line":13,"column":62},"end":{"line":39,"column":1}},"line":13},"1":{"name":"(anonymous_1)","decl":{"start":{"line":14,"column":16},"end":{"line":14,"column":17}},"loc":{"start":{"line":14,"column":25},"end":{"line":14,"column":29}},"line":14},"2":{"name":"(anonymous_2)","decl":{"start":{"line":36,"column":38},"end":{"line":36,"column":39}},"loc":{"start":{"line":36,"column":45},"end":{"line":36,"column":61}},"line":36},"3":{"name":"getStartedLocalStorage","decl":{"start":{"line":41,"column":9},"end":{"line":41,"column":31}},"loc":{"start":{"line":41,"column":36},"end":{"line":50,"column":1}},"line":41},"4":{"name":"(anonymous_4)","decl":{"start":{"line":47,"column":50},"end":{"line":47,"column":51}},"loc":{"start":{"line":47,"column":57},"end":{"line":47,"column":65}},"line":47},"5":{"name":"renderFavoriteButton","decl":{"start":{"line":52,"column":9},"end":{"line":52,"column":29}},"loc":{"start":{"line":52,"column":84},"end":{"line":68,"column":1}},"line":52},"6":{"name":"(anonymous_6)","decl":{"start":{"line":58,"column":17},"end":{"line":58,"column":18}},"loc":{"start":{"line":58,"column":23},"end":{"line":58,"column":75}},"line":58},"7":{"name":"renderShareButton","decl":{"start":{"line":70,"column":9},"end":{"line":70,"column":26}},"loc":{"start":{"line":70,"column":36},"end":{"line":82,"column":1}},"line":70},"8":{"name":"(anonymous_8)","decl":{"start":{"line":75,"column":17},"end":{"line":75,"column":18}},"loc":{"start":{"line":75,"column":23},"end":{"line":75,"column":47}},"line":75},"9":{"name":"Buttons","decl":{"start":{"line":84,"column":9},"end":{"line":84,"column":16}},"loc":{"start":{"line":84,"column":19},"end":{"line":120,"column":1}},"line":84},"10":{"name":"(anonymous_10)","decl":{"start":{"line":89,"column":12},"end":{"line":89,"column":13}},"loc":{"start":{"line":89,"column":18},"end":{"line":91,"column":3}},"line":89},"11":{"name":"(anonymous_11)","decl":{"start":{"line":99,"column":19},"end":{"line":99,"column":20}},"loc":{"start":{"line":99,"column":25},"end":{"line":99,"column":43}},"line":99},"12":{"name":"(anonymous_12)","decl":{"start":{"line":110,"column":19},"end":{"line":110,"column":20}},"loc":{"start":{"line":110,"column":25},"end":{"line":110,"column":43}},"line":110}},"branchMap":{"0":{"loc":{"start":{"line":28,"column":2},"end":{"line":30,"column":3}},"type":"if","locations":[{"start":{"line":28,"column":2},"end":{"line":30,"column":3}},{"start":{"line":28,"column":2},"end":{"line":30,"column":3}}],"line":28},"1":{"loc":{"start":{"line":31,"column":2},"end":{"line":34,"column":3}},"type":"if","locations":[{"start":{"line":31,"column":2},"end":{"line":34,"column":3}},{"start":{"line":31,"column":2},"end":{"line":34,"column":3}}],"line":31},"2":{"loc":{"start":{"line":35,"column":2},"end":{"line":38,"column":3}},"type":"if","locations":[{"start":{"line":35,"column":2},"end":{"line":38,"column":3}},{"start":{"line":35,"column":2},"end":{"line":38,"column":3}}],"line":35},"3":{"loc":{"start":{"line":44,"column":2},"end":{"line":48,"column":3}},"type":"if","locations":[{"start":{"line":44,"column":2},"end":{"line":48,"column":3}},{"start":{"line":44,"column":2},"end":{"line":48,"column":3}}],"line":44},"4":{"loc":{"start":{"line":44,"column":6},"end":{"line":44,"column":49}},"type":"binary-expr","locations":[{"start":{"line":44,"column":6},"end":{"line":44,"column":14}},{"start":{"line":44,"column":18},"end":{"line":44,"column":49}}],"line":44},"5":{"loc":{"start":{"line":61,"column":9},"end":{"line":63,"column":79}},"type":"cond-expr","locations":[{"start":{"line":62,"column":12},"end":{"line":62,"column":76}},{"start":{"line":63,"column":12},"end":{"line":63,"column":79}}],"line":61},"6":{"loc":{"start":{"line":65,"column":7},"end":{"line":65,"column":66}},"type":"binary-expr","locations":[{"start":{"line":65,"column":7},"end":{"line":65,"column":16}},{"start":{"line":65,"column":20},"end":{"line":65,"column":66}}],"line":65},"7":{"loc":{"start":{"line":90,"column":4},"end":{"line":90,"column":59}},"type":"if","locations":[{"start":{"line":90,"column":4},"end":{"line":90,"column":59}},{"start":{"line":90,"column":4},"end":{"line":90,"column":59}}],"line":90},"8":{"loc":{"start":{"line":95,"column":7},"end":{"line":104,"column":7}},"type":"binary-expr","locations":[{"start":{"line":95,"column":7},"end":{"line":95,"column":31}},{"start":{"line":95,"column":35},"end":{"line":95,"column":62}},{"start":{"line":96,"column":8},"end":{"line":103,"column":17}}],"line":95},"9":{"loc":{"start":{"line":105,"column":7},"end":{"line":114,"column":7}},"type":"binary-expr","locations":[{"start":{"line":105,"column":7},"end":{"line":105,"column":33}},{"start":{"line":105,"column":37},"end":{"line":105,"column":61}},{"start":{"line":106,"column":8},"end":{"line":113,"column":17}}],"line":105},"10":{"loc":{"start":{"line":117,"column":7},"end":{"line":117,"column":66}},"type":"binary-expr","locations":[{"start":{"line":117,"column":7},"end":{"line":117,"column":16}},{"start":{"line":117,"column":20},"end":{"line":117,"column":66}}],"line":117}},"s":{"0":1,"1":1,"2":1,"3":1,"4":1,"5":1,"6":0,"7":1,"8":1,"9":1,"10":1,"11":0,"12":0,"13":0,"14":18,"15":18,"16":18,"17":0,"18":0,"19":18,"20":9,"21":1,"22":9,"23":1,"24":9,"25":9,"26":9,"27":9,"28":9,"29":2,"30":0,"31":9,"32":1,"33":0},"f":{"0":1,"1":1,"2":0,"3":18,"4":0,"5":9,"6":1,"7":9,"8":1,"9":9,"10":2,"11":1,"12":0},"b":{"0":[0,1],"1":[1,0],"2":[0,1],"3":[18,0],"4":[18,0],"5":[3,6],"6":[9,1],"7":[0,2],"8":[9,9,9],"9":[9,0,0],"10":[9,1]},"_coverageSchema":"43e27e138ebf9cfc5966b082cf9a028302ed4184","hash":"8c6211452aa9504ac1064847bcc046728ea8bc00"}
,"/Users/fmartins/Trybe/fabemiliano.github.io/projetos/recipe-app/sd-03-recipes-app-04/src/components/DrinkSearchBar.jsx": {"path":"/Users/fmartins/Trybe/fabemiliano.github.io/projetos/recipe-app/sd-03-recipes-app-04/src/components/DrinkSearchBar.jsx","statementMap":{"0":{"start":{"line":6,"column":2},"end":{"line":13,"column":3}},"1":{"start":{"line":7,"column":4},"end":{"line":7,"column":78}},"2":{"start":{"line":8,"column":9},"end":{"line":13,"column":3}},"3":{"start":{"line":9,"column":4},"end":{"line":9,"column":34}},"4":{"start":{"line":10,"column":4},"end":{"line":10,"column":23}},"5":{"start":{"line":11,"column":9},"end":{"line":13,"column":3}},"6":{"start":{"line":12,"column":4},"end":{"line":12,"column":27}},"7":{"start":{"line":17,"column":2},"end":{"line":59,"column":4}},"8":{"start":{"line":26,"column":12},"end":{"line":26,"column":37}},"9":{"start":{"line":27,"column":12},"end":{"line":27,"column":31}},"10":{"start":{"line":39,"column":12},"end":{"line":39,"column":37}},"11":{"start":{"line":40,"column":12},"end":{"line":40,"column":31}},"12":{"start":{"line":52,"column":12},"end":{"line":52,"column":37}},"13":{"start":{"line":53,"column":12},"end":{"line":53,"column":31}},"14":{"start":{"line":63,"column":2},"end":{"line":81,"column":3}},"15":{"start":{"line":65,"column":6},"end":{"line":66,"column":76}},"16":{"start":{"line":66,"column":24},"end":{"line":66,"column":74}},"17":{"start":{"line":67,"column":6},"end":{"line":67,"column":12}},"18":{"start":{"line":70,"column":6},"end":{"line":71,"column":76}},"19":{"start":{"line":71,"column":24},"end":{"line":71,"column":74}},"20":{"start":{"line":72,"column":6},"end":{"line":72,"column":12}},"21":{"start":{"line":75,"column":6},"end":{"line":75,"column":94}},"22":{"start":{"line":75,"column":37},"end":{"line":75,"column":92}},"23":{"start":{"line":76,"column":6},"end":{"line":79,"column":7}},"24":{"start":{"line":77,"column":8},"end":{"line":78,"column":78}},"25":{"start":{"line":78,"column":26},"end":{"line":78,"column":76}},"26":{"start":{"line":85,"column":42},"end":{"line":85,"column":54}},"27":{"start":{"line":86,"column":34},"end":{"line":86,"column":46}},"28":{"start":{"line":87,"column":30},"end":{"line":87,"column":42}},"29":{"start":{"line":88,"column":36},"end":{"line":88,"column":51}},"30":{"start":{"line":89,"column":22},"end":{"line":89,"column":34}},"31":{"start":{"line":90,"column":34},"end":{"line":90,"column":50}},"32":{"start":{"line":92,"column":2},"end":{"line":129,"column":4}},"33":{"start":{"line":98,"column":25},"end":{"line":98,"column":56}},"34":{"start":{"line":105,"column":23},"end":{"line":105,"column":87}},"35":{"start":{"line":114,"column":10},"end":{"line":123,"column":11}},"36":{"start":{"line":115,"column":12},"end":{"line":122,"column":14}},"37":{"start":{"line":124,"column":10},"end":{"line":124,"column":21}}},"fnMap":{"0":{"name":"checkResults","decl":{"start":{"line":5,"column":9},"end":{"line":5,"column":21}},"loc":{"start":{"line":5,"column":60},"end":{"line":14,"column":1}},"line":5},"1":{"name":"renderRadioButtons","decl":{"start":{"line":16,"column":9},"end":{"line":16,"column":27}},"loc":{"start":{"line":16,"column":54},"end":{"line":60,"column":1}},"line":16},"2":{"name":"(anonymous_2)","decl":{"start":{"line":25,"column":20},"end":{"line":25,"column":21}},"loc":{"start":{"line":25,"column":27},"end":{"line":28,"column":11}},"line":25},"3":{"name":"(anonymous_3)","decl":{"start":{"line":38,"column":20},"end":{"line":38,"column":21}},"loc":{"start":{"line":38,"column":27},"end":{"line":41,"column":11}},"line":38},"4":{"name":"(anonymous_4)","decl":{"start":{"line":51,"column":20},"end":{"line":51,"column":21}},"loc":{"start":{"line":51,"column":27},"end":{"line":54,"column":11}},"line":51},"5":{"name":"doSearch","decl":{"start":{"line":62,"column":9},"end":{"line":62,"column":17}},"loc":{"start":{"line":62,"column":74},"end":{"line":82,"column":1}},"line":62},"6":{"name":"(anonymous_6)","decl":{"start":{"line":66,"column":14},"end":{"line":66,"column":15}},"loc":{"start":{"line":66,"column":24},"end":{"line":66,"column":74}},"line":66},"7":{"name":"(anonymous_7)","decl":{"start":{"line":71,"column":14},"end":{"line":71,"column":15}},"loc":{"start":{"line":71,"column":24},"end":{"line":71,"column":74}},"line":71},"8":{"name":"(anonymous_8)","decl":{"start":{"line":78,"column":16},"end":{"line":78,"column":17}},"loc":{"start":{"line":78,"column":26},"end":{"line":78,"column":76}},"line":78},"9":{"name":"DrinkSearchBar","decl":{"start":{"line":84,"column":9},"end":{"line":84,"column":23}},"loc":{"start":{"line":84,"column":26},"end":{"line":130,"column":1}},"line":84},"10":{"name":"(anonymous_10)","decl":{"start":{"line":98,"column":18},"end":{"line":98,"column":19}},"loc":{"start":{"line":98,"column":25},"end":{"line":98,"column":56}},"line":98},"11":{"name":"(anonymous_11)","decl":{"start":{"line":105,"column":17},"end":{"line":105,"column":18}},"loc":{"start":{"line":105,"column":23},"end":{"line":105,"column":87}},"line":105},"12":{"name":"(anonymous_12)","decl":{"start":{"line":113,"column":23},"end":{"line":113,"column":24}},"loc":{"start":{"line":113,"column":38},"end":{"line":125,"column":9}},"line":113}},"branchMap":{"0":{"loc":{"start":{"line":6,"column":2},"end":{"line":13,"column":3}},"type":"if","locations":[{"start":{"line":6,"column":2},"end":{"line":13,"column":3}},{"start":{"line":6,"column":2},"end":{"line":13,"column":3}}],"line":6},"1":{"loc":{"start":{"line":6,"column":6},"end":{"line":6,"column":48}},"type":"binary-expr","locations":[{"start":{"line":6,"column":6},"end":{"line":6,"column":24}},{"start":{"line":6,"column":28},"end":{"line":6,"column":48}}],"line":6},"2":{"loc":{"start":{"line":8,"column":9},"end":{"line":13,"column":3}},"type":"if","locations":[{"start":{"line":8,"column":9},"end":{"line":13,"column":3}},{"start":{"line":8,"column":9},"end":{"line":13,"column":3}}],"line":8},"3":{"loc":{"start":{"line":11,"column":9},"end":{"line":13,"column":3}},"type":"if","locations":[{"start":{"line":11,"column":9},"end":{"line":13,"column":3}},{"start":{"line":11,"column":9},"end":{"line":13,"column":3}}],"line":11},"4":{"loc":{"start":{"line":63,"column":2},"end":{"line":81,"column":3}},"type":"switch","locations":[{"start":{"line":64,"column":4},"end":{"line":68,"column":5}},{"start":{"line":69,"column":4},"end":{"line":73,"column":5}},{"start":{"line":74,"column":4},"end":{"line":80,"column":5}}],"line":63},"5":{"loc":{"start":{"line":75,"column":6},"end":{"line":75,"column":94}},"type":"if","locations":[{"start":{"line":75,"column":6},"end":{"line":75,"column":94}},{"start":{"line":75,"column":6},"end":{"line":75,"column":94}}],"line":75},"6":{"loc":{"start":{"line":76,"column":6},"end":{"line":79,"column":7}},"type":"if","locations":[{"start":{"line":76,"column":6},"end":{"line":79,"column":7}},{"start":{"line":76,"column":6},"end":{"line":79,"column":7}}],"line":76},"7":{"loc":{"start":{"line":114,"column":10},"end":{"line":123,"column":11}},"type":"if","locations":[{"start":{"line":114,"column":10},"end":{"line":123,"column":11}},{"start":{"line":114,"column":10},"end":{"line":123,"column":11}}],"line":114},"8":{"loc":{"start":{"line":119,"column":54},"end":{"line":119,"column":125}},"type":"cond-expr","locations":[{"start":{"line":119,"column":81},"end":{"line":119,"column":112}},{"start":{"line":119,"column":115},"end":{"line":119,"column":125}}],"line":119},"9":{"loc":{"start":{"line":127,"column":7},"end":{"line":127,"column":54}},"type":"binary-expr","locations":[{"start":{"line":127,"column":7},"end":{"line":127,"column":16}},{"start":{"line":127,"column":20},"end":{"line":127,"column":54}}],"line":127}},"s":{"0":2,"1":0,"2":2,"3":0,"4":0,"5":2,"6":2,"7":9,"8":1,"9":1,"10":1,"11":1,"12":0,"13":0,"14":2,"15":1,"16":1,"17":1,"18":1,"19":1,"20":1,"21":0,"22":0,"23":0,"24":0,"25":0,"26":9,"27":9,"28":9,"29":9,"30":9,"31":9,"32":9,"33":2,"34":2,"35":59,"36":24,"37":35},"f":{"0":2,"1":9,"2":1,"3":1,"4":0,"5":2,"6":1,"7":1,"8":0,"9":9,"10":2,"11":2,"12":59},"b":{"0":[0,2],"1":[2,2],"2":[0,2],"3":[2,0],"4":[1,1,0],"5":[0,0],"6":[0,0],"7":[24,35],"8":[0,24],"9":[9,0]},"_coverageSchema":"43e27e138ebf9cfc5966b082cf9a028302ed4184","hash":"ee44c4d14cacac5f16f7236c38d0d6eb49a74667"}
,"/Users/fmartins/Trybe/fabemiliano.github.io/projetos/recipe-app/sd-03-recipes-app-04/src/components/ExploreDrinkIngredientScreen.jsx": {"path":"/Users/fmartins/Trybe/fabemiliano.github.io/projetos/recipe-app/sd-03-recipes-app-04/src/components/ExploreDrinkIngredientScreen.jsx","statementMap":{"0":{"start":{"line":9,"column":40},"end":{"line":9,"column":52}},"1":{"start":{"line":10,"column":34},"end":{"line":10,"column":63}},"2":{"start":{"line":12,"column":2},"end":{"line":15,"column":9}},"3":{"start":{"line":13,"column":4},"end":{"line":14,"column":55}},"4":{"start":{"line":14,"column":24},"end":{"line":14,"column":53}},"5":{"start":{"line":17,"column":2},"end":{"line":50,"column":4}},"6":{"start":{"line":23,"column":12},"end":{"line":42,"column":13}},"7":{"start":{"line":24,"column":14},"end":{"line":41,"column":16}},"8":{"start":{"line":30,"column":35},"end":{"line":30,"column":72}},"9":{"start":{"line":43,"column":12},"end":{"line":43,"column":23}}},"fnMap":{"0":{"name":"ExploreDrinkIngredientScreen","decl":{"start":{"line":8,"column":9},"end":{"line":8,"column":37}},"loc":{"start":{"line":8,"column":40},"end":{"line":51,"column":1}},"line":8},"1":{"name":"(anonymous_1)","decl":{"start":{"line":12,"column":12},"end":{"line":12,"column":13}},"loc":{"start":{"line":12,"column":18},"end":{"line":15,"column":3}},"line":12},"2":{"name":"(anonymous_2)","decl":{"start":{"line":14,"column":12},"end":{"line":14,"column":13}},"loc":{"start":{"line":14,"column":24},"end":{"line":14,"column":53}},"line":14},"3":{"name":"(anonymous_3)","decl":{"start":{"line":22,"column":30},"end":{"line":22,"column":31}},"loc":{"start":{"line":22,"column":45},"end":{"line":44,"column":11}},"line":22},"4":{"name":"(anonymous_4)","decl":{"start":{"line":30,"column":29},"end":{"line":30,"column":30}},"loc":{"start":{"line":30,"column":35},"end":{"line":30,"column":72}},"line":30}},"branchMap":{"0":{"loc":{"start":{"line":23,"column":12},"end":{"line":42,"column":13}},"type":"if","locations":[{"start":{"line":23,"column":12},"end":{"line":42,"column":13}},{"start":{"line":23,"column":12},"end":{"line":42,"column":13}}],"line":23}},"s":{"0":0,"1":0,"2":0,"3":0,"4":0,"5":0,"6":0,"7":0,"8":0,"9":0},"f":{"0":0,"1":0,"2":0,"3":0,"4":0},"b":{"0":[0,0]},"_coverageSchema":"43e27e138ebf9cfc5966b082cf9a028302ed4184","hash":"4616ee402b62b1e3a9fbc22497c1f76d7a1e08d7"}
,"/Users/fmartins/Trybe/fabemiliano.github.io/projetos/recipe-app/sd-03-recipes-app-04/src/components/ExploreDrinkScreen.jsx": {"path":"/Users/fmartins/Trybe/fabemiliano.github.io/projetos/recipe-app/sd-03-recipes-app-04/src/components/ExploreDrinkScreen.jsx","statementMap":{"0":{"start":{"line":9,"column":22},"end":{"line":9,"column":34}},"1":{"start":{"line":11,"column":22},"end":{"line":14,"column":3}},"2":{"start":{"line":12,"column":4},"end":{"line":13,"column":57}},"3":{"start":{"line":13,"column":24},"end":{"line":13,"column":55}},"4":{"start":{"line":15,"column":2},"end":{"line":31,"column":4}}},"fnMap":{"0":{"name":"ExploreDrinkScreen","decl":{"start":{"line":8,"column":9},"end":{"line":8,"column":27}},"loc":{"start":{"line":8,"column":30},"end":{"line":32,"column":1}},"line":8},"1":{"name":"(anonymous_1)","decl":{"start":{"line":11,"column":22},"end":{"line":11,"column":23}},"loc":{"start":{"line":11,"column":28},"end":{"line":14,"column":3}},"line":11},"2":{"name":"(anonymous_2)","decl":{"start":{"line":13,"column":12},"end":{"line":13,"column":13}},"loc":{"start":{"line":13,"column":24},"end":{"line":13,"column":55}},"line":13}},"branchMap":{"0":{"loc":{"start":{"line":28,"column":7},"end":{"line":28,"column":54}},"type":"binary-expr","locations":[{"start":{"line":28,"column":7},"end":{"line":28,"column":16}},{"start":{"line":28,"column":20},"end":{"line":28,"column":54}}],"line":28}},"s":{"0":0,"1":0,"2":0,"3":0,"4":0},"f":{"0":0,"1":0,"2":0},"b":{"0":[0,0]},"_coverageSchema":"43e27e138ebf9cfc5966b082cf9a028302ed4184","hash":"18dcf69557b0d109a81f93869e055002953c0611"}
,"/Users/fmartins/Trybe/fabemiliano.github.io/projetos/recipe-app/sd-03-recipes-app-04/src/components/ExploreFoodIngredientScreen.jsx": {"path":"/Users/fmartins/Trybe/fabemiliano.github.io/projetos/recipe-app/sd-03-recipes-app-04/src/components/ExploreFoodIngredientScreen.jsx","statementMap":{"0":{"start":{"line":9,"column":40},"end":{"line":9,"column":52}},"1":{"start":{"line":10,"column":34},"end":{"line":10,"column":63}},"2":{"start":{"line":12,"column":2},"end":{"line":15,"column":9}},"3":{"start":{"line":13,"column":4},"end":{"line":14,"column":54}},"4":{"start":{"line":14,"column":24},"end":{"line":14,"column":52}},"5":{"start":{"line":17,"column":2},"end":{"line":50,"column":4}},"6":{"start":{"line":23,"column":12},"end":{"line":42,"column":13}},"7":{"start":{"line":24,"column":14},"end":{"line":41,"column":16}},"8":{"start":{"line":30,"column":35},"end":{"line":30,"column":71}},"9":{"start":{"line":43,"column":12},"end":{"line":43,"column":23}}},"fnMap":{"0":{"name":"ExploreFoodIngredientScreen","decl":{"start":{"line":8,"column":9},"end":{"line":8,"column":36}},"loc":{"start":{"line":8,"column":39},"end":{"line":51,"column":1}},"line":8},"1":{"name":"(anonymous_1)","decl":{"start":{"line":12,"column":12},"end":{"line":12,"column":13}},"loc":{"start":{"line":12,"column":18},"end":{"line":15,"column":3}},"line":12},"2":{"name":"(anonymous_2)","decl":{"start":{"line":14,"column":12},"end":{"line":14,"column":13}},"loc":{"start":{"line":14,"column":24},"end":{"line":14,"column":52}},"line":14},"3":{"name":"(anonymous_3)","decl":{"start":{"line":22,"column":30},"end":{"line":22,"column":31}},"loc":{"start":{"line":22,"column":45},"end":{"line":44,"column":11}},"line":22},"4":{"name":"(anonymous_4)","decl":{"start":{"line":30,"column":29},"end":{"line":30,"column":30}},"loc":{"start":{"line":30,"column":35},"end":{"line":30,"column":71}},"line":30}},"branchMap":{"0":{"loc":{"start":{"line":23,"column":12},"end":{"line":42,"column":13}},"type":"if","locations":[{"start":{"line":23,"column":12},"end":{"line":42,"column":13}},{"start":{"line":23,"column":12},"end":{"line":42,"column":13}}],"line":23}},"s":{"0":2,"1":2,"2":2,"3":1,"4":1,"5":2,"6":563,"7":12,"8":0,"9":551},"f":{"0":2,"1":1,"2":1,"3":563,"4":0},"b":{"0":[12,551]},"_coverageSchema":"43e27e138ebf9cfc5966b082cf9a028302ed4184","hash":"09e2fff082aac9f98aba9d6aaf423ae29b7b889d"}
,"/Users/fmartins/Trybe/fabemiliano.github.io/projetos/recipe-app/sd-03-recipes-app-04/src/components/ExploreFoodOriginScreen.jsx": {"path":"/Users/fmartins/Trybe/fabemiliano.github.io/projetos/recipe-app/sd-03-recipes-app-04/src/components/ExploreFoodOriginScreen.jsx","statementMap":{"0":{"start":{"line":10,"column":2},"end":{"line":32,"column":4}},"1":{"start":{"line":13,"column":8},"end":{"line":28,"column":9}},"2":{"start":{"line":14,"column":10},"end":{"line":27,"column":12}},"3":{"start":{"line":29,"column":8},"end":{"line":29,"column":19}},"4":{"start":{"line":36,"column":2},"end":{"line":56,"column":4}},"5":{"start":{"line":41,"column":8},"end":{"line":41,"column":81}},"6":{"start":{"line":41,"column":53},"end":{"line":41,"column":79}},"7":{"start":{"line":42,"column":8},"end":{"line":42,"column":38}},"8":{"start":{"line":47,"column":8},"end":{"line":52,"column":17}},"9":{"start":{"line":60,"column":2},"end":{"line":84,"column":3}},"10":{"start":{"line":61,"column":4},"end":{"line":83,"column":6}},"11":{"start":{"line":64,"column":10},"end":{"line":79,"column":11}},"12":{"start":{"line":65,"column":12},"end":{"line":78,"column":14}},"13":{"start":{"line":80,"column":10},"end":{"line":80,"column":21}},"14":{"start":{"line":85,"column":2},"end":{"line":85,"column":25}},"15":{"start":{"line":93,"column":6},"end":{"line":93,"column":35}},"16":{"start":{"line":94,"column":36},"end":{"line":94,"column":51}},"17":{"start":{"line":95,"column":28},"end":{"line":95,"column":40}},"18":{"start":{"line":96,"column":38},"end":{"line":96,"column":53}},"19":{"start":{"line":97,"column":40},"end":{"line":97,"column":52}},"20":{"start":{"line":99,"column":2},"end":{"line":104,"column":9}},"21":{"start":{"line":100,"column":4},"end":{"line":100,"column":23}},"22":{"start":{"line":101,"column":4},"end":{"line":101,"column":15}},"23":{"start":{"line":102,"column":4},"end":{"line":102,"column":24}},"24":{"start":{"line":103,"column":4},"end":{"line":103,"column":55}},"25":{"start":{"line":103,"column":33},"end":{"line":103,"column":53}},"26":{"start":{"line":106,"column":2},"end":{"line":117,"column":4}}},"fnMap":{"0":{"name":"MealsList","decl":{"start":{"line":9,"column":9},"end":{"line":9,"column":18}},"loc":{"start":{"line":9,"column":25},"end":{"line":33,"column":1}},"line":9},"1":{"name":"(anonymous_1)","decl":{"start":{"line":12,"column":19},"end":{"line":12,"column":20}},"loc":{"start":{"line":12,"column":34},"end":{"line":30,"column":7}},"line":12},"2":{"name":"renderAreaFilter","decl":{"start":{"line":35,"column":9},"end":{"line":35,"column":25}},"loc":{"start":{"line":35,"column":76},"end":{"line":57,"column":1}},"line":35},"3":{"name":"(anonymous_3)","decl":{"start":{"line":40,"column":16},"end":{"line":40,"column":17}},"loc":{"start":{"line":40,"column":23},"end":{"line":43,"column":7}},"line":40},"4":{"name":"(anonymous_4)","decl":{"start":{"line":41,"column":43},"end":{"line":41,"column":44}},"loc":{"start":{"line":41,"column":53},"end":{"line":41,"column":79}},"line":41},"5":{"name":"(anonymous_5)","decl":{"start":{"line":46,"column":17},"end":{"line":46,"column":18}},"loc":{"start":{"line":47,"column":8},"end":{"line":52,"column":17}},"line":47},"6":{"name":"ShowResultsByArea","decl":{"start":{"line":59,"column":9},"end":{"line":59,"column":26}},"loc":{"start":{"line":59,"column":58},"end":{"line":86,"column":1}},"line":59},"7":{"name":"(anonymous_7)","decl":{"start":{"line":63,"column":28},"end":{"line":63,"column":29}},"loc":{"start":{"line":63,"column":43},"end":{"line":81,"column":9}},"line":63},"8":{"name":"ExploreFoodOriginScreen","decl":{"start":{"line":88,"column":24},"end":{"line":88,"column":47}},"loc":{"start":{"line":88,"column":50},"end":{"line":118,"column":1}},"line":88},"9":{"name":"(anonymous_9)","decl":{"start":{"line":99,"column":12},"end":{"line":99,"column":13}},"loc":{"start":{"line":99,"column":18},"end":{"line":104,"column":3}},"line":99},"10":{"name":"(anonymous_10)","decl":{"start":{"line":103,"column":23},"end":{"line":103,"column":24}},"loc":{"start":{"line":103,"column":33},"end":{"line":103,"column":53}},"line":103}},"branchMap":{"0":{"loc":{"start":{"line":13,"column":8},"end":{"line":28,"column":9}},"type":"if","locations":[{"start":{"line":13,"column":8},"end":{"line":28,"column":9}},{"start":{"line":13,"column":8},"end":{"line":28,"column":9}}],"line":13},"1":{"loc":{"start":{"line":24,"column":52},"end":{"line":24,"column":120}},"type":"cond-expr","locations":[{"start":{"line":24,"column":78},"end":{"line":24,"column":108}},{"start":{"line":24,"column":111},"end":{"line":24,"column":120}}],"line":24},"2":{"loc":{"start":{"line":60,"column":2},"end":{"line":84,"column":3}},"type":"if","locations":[{"start":{"line":60,"column":2},"end":{"line":84,"column":3}},{"start":{"line":60,"column":2},"end":{"line":84,"column":3}}],"line":60},"3":{"loc":{"start":{"line":64,"column":10},"end":{"line":79,"column":11}},"type":"if","locations":[{"start":{"line":64,"column":10},"end":{"line":79,"column":11}},{"start":{"line":64,"column":10},"end":{"line":79,"column":11}}],"line":64},"4":{"loc":{"start":{"line":75,"column":54},"end":{"line":75,"column":122}},"type":"cond-expr","locations":[{"start":{"line":75,"column":80},"end":{"line":75,"column":110}},{"start":{"line":75,"column":113},"end":{"line":75,"column":122}}],"line":75},"5":{"loc":{"start":{"line":110,"column":9},"end":{"line":110,"column":48}},"type":"binary-expr","locations":[{"start":{"line":110,"column":9},"end":{"line":110,"column":18}},{"start":{"line":110,"column":22},"end":{"line":110,"column":48}}],"line":110},"6":{"loc":{"start":{"line":111,"column":9},"end":{"line":111,"column":42}},"type":"binary-expr","locations":[{"start":{"line":111,"column":9},"end":{"line":111,"column":19}},{"start":{"line":111,"column":23},"end":{"line":111,"column":42}}],"line":111},"7":{"loc":{"start":{"line":113,"column":9},"end":{"line":113,"column":71}},"type":"binary-expr","locations":[{"start":{"line":113,"column":9},"end":{"line":113,"column":19}},{"start":{"line":113,"column":23},"end":{"line":113,"column":71}}],"line":113}},"s":{"0":0,"1":0,"2":0,"3":0,"4":0,"5":0,"6":0,"7":0,"8":0,"9":0,"10":0,"11":0,"12":0,"13":0,"14":0,"15":0,"16":0,"17":0,"18":0,"19":0,"20":0,"21":0,"22":0,"23":0,"24":0,"25":0,"26":0},"f":{"0":0,"1":0,"2":0,"3":0,"4":0,"5":0,"6":0,"7":0,"8":0,"9":0,"10":0},"b":{"0":[0,0],"1":[0,0],"2":[0,0],"3":[0,0],"4":[0,0],"5":[0,0],"6":[0,0],"7":[0,0]},"_coverageSchema":"43e27e138ebf9cfc5966b082cf9a028302ed4184","hash":"565e1264952b58eff7628bc4d3376d8980bea1ae"}
,"/Users/fmartins/Trybe/fabemiliano.github.io/projetos/recipe-app/sd-03-recipes-app-04/src/components/ExploreFoodScreen.jsx": {"path":"/Users/fmartins/Trybe/fabemiliano.github.io/projetos/recipe-app/sd-03-recipes-app-04/src/components/ExploreFoodScreen.jsx","statementMap":{"0":{"start":{"line":9,"column":22},"end":{"line":9,"column":34}},"1":{"start":{"line":11,"column":22},"end":{"line":14,"column":3}},"2":{"start":{"line":12,"column":4},"end":{"line":13,"column":55}},"3":{"start":{"line":13,"column":24},"end":{"line":13,"column":53}},"4":{"start":{"line":16,"column":2},"end":{"line":39,"column":4}}},"fnMap":{"0":{"name":"ExploreFoodScreen","decl":{"start":{"line":8,"column":9},"end":{"line":8,"column":26}},"loc":{"start":{"line":8,"column":29},"end":{"line":40,"column":1}},"line":8},"1":{"name":"(anonymous_1)","decl":{"start":{"line":11,"column":22},"end":{"line":11,"column":23}},"loc":{"start":{"line":11,"column":28},"end":{"line":14,"column":3}},"line":11},"2":{"name":"(anonymous_2)","decl":{"start":{"line":13,"column":12},"end":{"line":13,"column":13}},"loc":{"start":{"line":13,"column":24},"end":{"line":13,"column":53}},"line":13}},"branchMap":{"0":{"loc":{"start":{"line":36,"column":7},"end":{"line":36,"column":54}},"type":"binary-expr","locations":[{"start":{"line":36,"column":7},"end":{"line":36,"column":16}},{"start":{"line":36,"column":20},"end":{"line":36,"column":54}}],"line":36}},"s":{"0":1,"1":1,"2":0,"3":0,"4":1},"f":{"0":1,"1":0,"2":0},"b":{"0":[1,0]},"_coverageSchema":"43e27e138ebf9cfc5966b082cf9a028302ed4184","hash":"85cb5a8eebe3a266ed6d213dc94271419cb7ea43"}
,"/Users/fmartins/Trybe/fabemiliano.github.io/projetos/recipe-app/sd-03-recipes-app-04/src/components/ExploreHomeScreen.jsx": {"path":"/Users/fmartins/Trybe/fabemiliano.github.io/projetos/recipe-app/sd-03-recipes-app-04/src/components/ExploreHomeScreen.jsx","statementMap":{"0":{"start":{"line":8,"column":2},"end":{"line":21,"column":4}}},"fnMap":{"0":{"name":"ExploreHomeScreen","decl":{"start":{"line":7,"column":9},"end":{"line":7,"column":26}},"loc":{"start":{"line":7,"column":29},"end":{"line":22,"column":1}},"line":7}},"branchMap":{},"s":{"0":1},"f":{"0":1},"b":{},"_coverageSchema":"43e27e138ebf9cfc5966b082cf9a028302ed4184","hash":"e708736bcded2fe563987b2f36ffa3f51264eed1"}
,"/Users/fmartins/Trybe/fabemiliano.github.io/projetos/recipe-app/sd-03-recipes-app-04/src/components/FavoriteRecipes.jsx": {"path":"/Users/fmartins/Trybe/fabemiliano.github.io/projetos/recipe-app/sd-03-recipes-app-04/src/components/FavoriteRecipes.jsx","statementMap":{"0":{"start":{"line":11,"column":15},"end":{"line":11,"column":147}},"1":{"start":{"line":14,"column":2},"end":{"line":20,"column":7}},"2":{"start":{"line":16,"column":6},"end":{"line":16,"column":21}},"3":{"start":{"line":17,"column":6},"end":{"line":19,"column":15}},"4":{"start":{"line":18,"column":8},"end":{"line":18,"column":22}},"5":{"start":{"line":24,"column":16},"end":{"line":24,"column":46}},"6":{"start":{"line":25,"column":2},"end":{"line":25,"column":23}},"7":{"start":{"line":29,"column":18},"end":{"line":29,"column":69}},"8":{"start":{"line":30,"column":21},"end":{"line":30,"column":55}},"9":{"start":{"line":30,"column":43},"end":{"line":30,"column":54}},"10":{"start":{"line":31,"column":2},"end":{"line":31,"column":70}},"11":{"start":{"line":32,"column":2},"end":{"line":32,"column":27}},"12":{"start":{"line":36,"column":16},"end":{"line":36,"column":67}},"13":{"start":{"line":37,"column":2},"end":{"line":37,"column":33}},"14":{"start":{"line":37,"column":18},"end":{"line":37,"column":31}},"15":{"start":{"line":38,"column":2},"end":{"line":38,"column":55}},"16":{"start":{"line":38,"column":37},"end":{"line":38,"column":52}},"17":{"start":{"line":42,"column":16},"end":{"line":42,"column":67}},"18":{"start":{"line":43,"column":2},"end":{"line":43,"column":33}},"19":{"start":{"line":43,"column":18},"end":{"line":43,"column":31}},"20":{"start":{"line":44,"column":2},"end":{"line":44,"column":24}},"21":{"start":{"line":48,"column":2},"end":{"line":78,"column":4}},"22":{"start":{"line":53,"column":23},"end":{"line":53,"column":55}},"23":{"start":{"line":62,"column":23},"end":{"line":62,"column":55}},"24":{"start":{"line":71,"column":23},"end":{"line":71,"column":49}},"25":{"start":{"line":82,"column":36},"end":{"line":82,"column":48}},"26":{"start":{"line":83,"column":26},"end":{"line":83,"column":40}},"27":{"start":{"line":84,"column":2},"end":{"line":86,"column":9}},"28":{"start":{"line":85,"column":4},"end":{"line":85,"column":31}},"29":{"start":{"line":87,"column":2},"end":{"line":122,"column":4}},"30":{"start":{"line":96,"column":14},"end":{"line":116,"column":20}},"31":{"start":{"line":105,"column":35},"end":{"line":105,"column":73}},"32":{"start":{"line":110,"column":35},"end":{"line":110,"column":68}}},"fnMap":{"0":{"name":"copyToClipboard","decl":{"start":{"line":13,"column":9},"end":{"line":13,"column":24}},"loc":{"start":{"line":13,"column":44},"end":{"line":21,"column":1}},"line":13},"1":{"name":"(anonymous_1)","decl":{"start":{"line":15,"column":10},"end":{"line":15,"column":11}},"loc":{"start":{"line":15,"column":16},"end":{"line":20,"column":5}},"line":15},"2":{"name":"(anonymous_2)","decl":{"start":{"line":17,"column":17},"end":{"line":17,"column":18}},"loc":{"start":{"line":17,"column":23},"end":{"line":19,"column":7}},"line":17},"3":{"name":"getColors","decl":{"start":{"line":23,"column":16},"end":{"line":23,"column":25}},"loc":{"start":{"line":23,"column":28},"end":{"line":26,"column":1}},"line":23},"4":{"name":"updateStorage","decl":{"start":{"line":28,"column":9},"end":{"line":28,"column":22}},"loc":{"start":{"line":28,"column":41},"end":{"line":33,"column":1}},"line":28},"5":{"name":"(anonymous_5)","decl":{"start":{"line":30,"column":36},"end":{"line":30,"column":37}},"loc":{"start":{"line":30,"column":43},"end":{"line":30,"column":54}},"line":30},"6":{"name":"filterBy","decl":{"start":{"line":35,"column":9},"end":{"line":35,"column":17}},"loc":{"start":{"line":35,"column":38},"end":{"line":39,"column":1}},"line":35},"7":{"name":"(anonymous_7)","decl":{"start":{"line":38,"column":30},"end":{"line":38,"column":31}},"loc":{"start":{"line":38,"column":37},"end":{"line":38,"column":52}},"line":38},"8":{"name":"getFavorites","decl":{"start":{"line":41,"column":9},"end":{"line":41,"column":21}},"loc":{"start":{"line":41,"column":36},"end":{"line":45,"column":1}},"line":41},"9":{"name":"renderfilterButtons","decl":{"start":{"line":47,"column":9},"end":{"line":47,"column":28}},"loc":{"start":{"line":47,"column":43},"end":{"line":79,"column":1}},"line":47},"10":{"name":"(anonymous_10)","decl":{"start":{"line":53,"column":17},"end":{"line":53,"column":18}},"loc":{"start":{"line":53,"column":23},"end":{"line":53,"column":55}},"line":53},"11":{"name":"(anonymous_11)","decl":{"start":{"line":62,"column":17},"end":{"line":62,"column":18}},"loc":{"start":{"line":62,"column":23},"end":{"line":62,"column":55}},"line":62},"12":{"name":"(anonymous_12)","decl":{"start":{"line":71,"column":17},"end":{"line":71,"column":18}},"loc":{"start":{"line":71,"column":23},"end":{"line":71,"column":49}},"line":71},"13":{"name":"FavoriteRecipes","decl":{"start":{"line":81,"column":9},"end":{"line":81,"column":24}},"loc":{"start":{"line":81,"column":27},"end":{"line":123,"column":1}},"line":81},"14":{"name":"(anonymous_14)","decl":{"start":{"line":84,"column":12},"end":{"line":84,"column":13}},"loc":{"start":{"line":84,"column":18},"end":{"line":86,"column":3}},"line":84},"15":{"name":"(anonymous_15)","decl":{"start":{"line":94,"column":25},"end":{"line":94,"column":26}},"loc":{"start":{"line":96,"column":14},"end":{"line":116,"column":20}},"line":96},"16":{"name":"(anonymous_16)","decl":{"start":{"line":105,"column":29},"end":{"line":105,"column":30}},"loc":{"start":{"line":105,"column":35},"end":{"line":105,"column":73}},"line":105},"17":{"name":"(anonymous_17)","decl":{"start":{"line":110,"column":29},"end":{"line":110,"column":30}},"loc":{"start":{"line":110,"column":35},"end":{"line":110,"column":68}},"line":110}},"branchMap":{"0":{"loc":{"start":{"line":37,"column":2},"end":{"line":37,"column":33}},"type":"if","locations":[{"start":{"line":37,"column":2},"end":{"line":37,"column":33}},{"start":{"line":37,"column":2},"end":{"line":37,"column":33}}],"line":37},"1":{"loc":{"start":{"line":43,"column":2},"end":{"line":43,"column":33}},"type":"if","locations":[{"start":{"line":43,"column":2},"end":{"line":43,"column":33}},{"start":{"line":43,"column":2},"end":{"line":43,"column":33}}],"line":43},"2":{"loc":{"start":{"line":100,"column":19},"end":{"line":100,"column":111}},"type":"cond-expr","locations":[{"start":{"line":100,"column":47},"end":{"line":100,"column":83}},{"start":{"line":100,"column":86},"end":{"line":100,"column":111}}],"line":100}},"s":{"0":1,"1":0,"2":0,"3":0,"4":0,"5":0,"6":0,"7":0,"8":0,"9":0,"10":0,"11":0,"12":0,"13":0,"14":0,"15":0,"16":0,"17":0,"18":0,"19":0,"20":0,"21":0,"22":0,"23":0,"24":0,"25":0,"26":0,"27":0,"28":0,"29":0,"30":0,"31":0,"32":0},"f":{"0":0,"1":0,"2":0,"3":0,"4":0,"5":0,"6":0,"7":0,"8":0,"9":0,"10":0,"11":0,"12":0,"13":0,"14":0,"15":0,"16":0,"17":0},"b":{"0":[0,0],"1":[0,0],"2":[0,0]},"_coverageSchema":"43e27e138ebf9cfc5966b082cf9a028302ed4184","hash":"767abc7932ca475278105acf9394c0e8ffc11812"}
,"/Users/fmartins/Trybe/fabemiliano.github.io/projetos/recipe-app/sd-03-recipes-app-04/src/components/FoodBasicInfo.jsx": {"path":"/Users/fmartins/Trybe/fabemiliano.github.io/projetos/recipe-app/sd-03-recipes-app-04/src/components/FoodBasicInfo.jsx","statementMap":{"0":{"start":{"line":8,"column":2},"end":{"line":31,"column":4}},"1":{"start":{"line":13,"column":10},"end":{"line":26,"column":11}},"2":{"start":{"line":14,"column":12},"end":{"line":25,"column":14}},"3":{"start":{"line":27,"column":10},"end":{"line":27,"column":21}},"4":{"start":{"line":35,"column":40},"end":{"line":35,"column":69}},"5":{"start":{"line":36,"column":19},"end":{"line":36,"column":85}},"6":{"start":{"line":36,"column":57},"end":{"line":36,"column":84}},"7":{"start":{"line":37,"column":23},"end":{"line":37,"column":86}},"8":{"start":{"line":37,"column":61},"end":{"line":37,"column":85}},"9":{"start":{"line":38,"column":2},"end":{"line":65,"column":4}},"10":{"start":{"line":49,"column":8},"end":{"line":56,"column":9}},"11":{"start":{"line":50,"column":10},"end":{"line":55,"column":12}},"12":{"start":{"line":56,"column":10},"end":{"line":56,"column":21}}},"fnMap":{"0":{"name":"renderRcomendations","decl":{"start":{"line":7,"column":9},"end":{"line":7,"column":28}},"loc":{"start":{"line":7,"column":44},"end":{"line":32,"column":1}},"line":7},"1":{"name":"(anonymous_1)","decl":{"start":{"line":12,"column":30},"end":{"line":12,"column":31}},"loc":{"start":{"line":12,"column":45},"end":{"line":28,"column":9}},"line":12},"2":{"name":"BasicInfo","decl":{"start":{"line":34,"column":9},"end":{"line":34,"column":18}},"loc":{"start":{"line":34,"column":21},"end":{"line":66,"column":1}},"line":34},"3":{"name":"(anonymous_3)","decl":{"start":{"line":36,"column":50},"end":{"line":36,"column":51}},"loc":{"start":{"line":36,"column":57},"end":{"line":36,"column":84}},"line":36},"4":{"name":"(anonymous_4)","decl":{"start":{"line":37,"column":54},"end":{"line":37,"column":55}},"loc":{"start":{"line":37,"column":61},"end":{"line":37,"column":85}},"line":37},"5":{"name":"(anonymous_5)","decl":{"start":{"line":48,"column":23},"end":{"line":48,"column":24}},"loc":{"start":{"line":48,"column":38},"end":{"line":57,"column":7}},"line":48}},"branchMap":{"0":{"loc":{"start":{"line":13,"column":10},"end":{"line":26,"column":11}},"type":"if","locations":[{"start":{"line":13,"column":10},"end":{"line":26,"column":11}},{"start":{"line":13,"column":10},"end":{"line":26,"column":11}}],"line":13},"1":{"loc":{"start":{"line":49,"column":8},"end":{"line":56,"column":9}},"type":"if","locations":[{"start":{"line":49,"column":8},"end":{"line":56,"column":9}},{"start":{"line":49,"column":8},"end":{"line":56,"column":9}}],"line":49}},"s":{"0":6,"1":100,"2":24,"3":76,"4":6,"5":6,"6":102,"7":6,"8":102,"9":6,"10":40,"11":26,"12":14},"f":{"0":6,"1":100,"2":6,"3":102,"4":102,"5":40},"b":{"0":[24,76],"1":[26,14]},"_coverageSchema":"43e27e138ebf9cfc5966b082cf9a028302ed4184","hash":"07165dc569dd9c08712880841c262ad174884d2d"}
,"/Users/fmartins/Trybe/fabemiliano.github.io/projetos/recipe-app/sd-03-recipes-app-04/src/components/FoodButtons.jsx": {"path":"/Users/fmartins/Trybe/fabemiliano.github.io/projetos/recipe-app/sd-03-recipes-app-04/src/components/FoodButtons.jsx","statementMap":{"0":{"start":{"line":9,"column":2},"end":{"line":9,"column":54}},"1":{"start":{"line":10,"column":2},"end":{"line":10,"column":17}},"2":{"start":{"line":11,"column":2},"end":{"line":13,"column":11}},"3":{"start":{"line":12,"column":4},"end":{"line":12,"column":18}},"4":{"start":{"line":17,"column":18},"end":{"line":17,"column":65}},"5":{"start":{"line":19,"column":2},"end":{"line":23,"column":3}},"6":{"start":{"line":20,"column":4},"end":{"line":20,"column":17}},"7":{"start":{"line":22,"column":4},"end":{"line":22,"column":44}},"8":{"start":{"line":22,"column":31},"end":{"line":22,"column":42}},"9":{"start":{"line":24,"column":2},"end":{"line":24,"column":14}},"10":{"start":{"line":28,"column":18},"end":{"line":28,"column":71}},"11":{"start":{"line":30,"column":2},"end":{"line":34,"column":3}},"12":{"start":{"line":31,"column":4},"end":{"line":31,"column":20}},"13":{"start":{"line":33,"column":4},"end":{"line":33,"column":63}},"14":{"start":{"line":33,"column":53},"end":{"line":33,"column":61}},"15":{"start":{"line":35,"column":2},"end":{"line":35,"column":17}},"16":{"start":{"line":39,"column":18},"end":{"line":39,"column":69}},"17":{"start":{"line":40,"column":2},"end":{"line":43,"column":3}},"18":{"start":{"line":41,"column":22},"end":{"line":41,"column":54}},"19":{"start":{"line":41,"column":42},"end":{"line":41,"column":53}},"20":{"start":{"line":42,"column":4},"end":{"line":42,"column":21}},"21":{"start":{"line":44,"column":2},"end":{"line":44,"column":15}},"22":{"start":{"line":48,"column":2},"end":{"line":48,"column":31}},"23":{"start":{"line":48,"column":25},"end":{"line":48,"column":29}},"24":{"start":{"line":51,"column":6},"end":{"line":51,"column":16}},"25":{"start":{"line":52,"column":19},"end":{"line":60,"column":3}},"26":{"start":{"line":61,"column":16},"end":{"line":61,"column":67}},"27":{"start":{"line":62,"column":2},"end":{"line":64,"column":3}},"28":{"start":{"line":63,"column":4},"end":{"line":63,"column":17}},"29":{"start":{"line":65,"column":2},"end":{"line":68,"column":3}},"30":{"start":{"line":66,"column":23},"end":{"line":66,"column":45}},"31":{"start":{"line":67,"column":4},"end":{"line":67,"column":72}},"32":{"start":{"line":69,"column":2},"end":{"line":72,"column":3}},"33":{"start":{"line":70,"column":23},"end":{"line":70,"column":61}},"34":{"start":{"line":70,"column":45},"end":{"line":70,"column":60}},"35":{"start":{"line":71,"column":4},"end":{"line":71,"column":72}},"36":{"start":{"line":76,"column":2},"end":{"line":90,"column":4}},"37":{"start":{"line":81,"column":23},"end":{"line":81,"column":75}},"38":{"start":{"line":94,"column":2},"end":{"line":104,"column":4}},"39":{"start":{"line":98,"column":23},"end":{"line":98,"column":47}},"40":{"start":{"line":108,"column":36},"end":{"line":108,"column":51}},"41":{"start":{"line":109,"column":38},"end":{"line":109,"column":53}},"42":{"start":{"line":110,"column":26},"end":{"line":110,"column":40}},"43":{"start":{"line":111,"column":29},"end":{"line":111,"column":58}},"44":{"start":{"line":112,"column":2},"end":{"line":114,"column":9}},"45":{"start":{"line":113,"column":4},"end":{"line":113,"column":59}},"46":{"start":{"line":113,"column":37},"end":{"line":113,"column":57}},"47":{"start":{"line":116,"column":2},"end":{"line":143,"column":4}},"48":{"start":{"line":123,"column":25},"end":{"line":123,"column":43}},"49":{"start":{"line":134,"column":25},"end":{"line":134,"column":43}}},"fnMap":{"0":{"name":"copyToClipboard","decl":{"start":{"line":8,"column":16},"end":{"line":8,"column":31}},"loc":{"start":{"line":8,"column":41},"end":{"line":14,"column":1}},"line":8},"1":{"name":"(anonymous_1)","decl":{"start":{"line":11,"column":13},"end":{"line":11,"column":14}},"loc":{"start":{"line":11,"column":19},"end":{"line":13,"column":3}},"line":11},"2":{"name":"getDoneLocalStorage","decl":{"start":{"line":16,"column":16},"end":{"line":16,"column":35}},"loc":{"start":{"line":16,"column":40},"end":{"line":25,"column":1}},"line":16},"3":{"name":"(anonymous_3)","decl":{"start":{"line":22,"column":24},"end":{"line":22,"column":25}},"loc":{"start":{"line":22,"column":31},"end":{"line":22,"column":42}},"line":22},"4":{"name":"getStartedLocalStorage","decl":{"start":{"line":27,"column":9},"end":{"line":27,"column":31}},"loc":{"start":{"line":27,"column":36},"end":{"line":36,"column":1}},"line":27},"5":{"name":"(anonymous_5)","decl":{"start":{"line":33,"column":46},"end":{"line":33,"column":47}},"loc":{"start":{"line":33,"column":53},"end":{"line":33,"column":61}},"line":33},"6":{"name":"getIfHasBeenFavorited","decl":{"start":{"line":38,"column":16},"end":{"line":38,"column":37}},"loc":{"start":{"line":38,"column":42},"end":{"line":45,"column":1}},"line":38},"7":{"name":"(anonymous_7)","decl":{"start":{"line":41,"column":35},"end":{"line":41,"column":36}},"loc":{"start":{"line":41,"column":42},"end":{"line":41,"column":53}},"line":41},"8":{"name":"clickFavorite","decl":{"start":{"line":47,"column":9},"end":{"line":47,"column":22}},"loc":{"start":{"line":47,"column":62},"end":{"line":73,"column":1}},"line":47},"9":{"name":"(anonymous_9)","decl":{"start":{"line":48,"column":16},"end":{"line":48,"column":17}},"loc":{"start":{"line":48,"column":25},"end":{"line":48,"column":29}},"line":48},"10":{"name":"(anonymous_10)","decl":{"start":{"line":70,"column":38},"end":{"line":70,"column":39}},"loc":{"start":{"line":70,"column":45},"end":{"line":70,"column":60}},"line":70},"11":{"name":"renderFavoriteButton","decl":{"start":{"line":75,"column":9},"end":{"line":75,"column":29}},"loc":{"start":{"line":75,"column":84},"end":{"line":91,"column":1}},"line":75},"12":{"name":"(anonymous_12)","decl":{"start":{"line":81,"column":17},"end":{"line":81,"column":18}},"loc":{"start":{"line":81,"column":23},"end":{"line":81,"column":75}},"line":81},"13":{"name":"renderShareButton","decl":{"start":{"line":93,"column":9},"end":{"line":93,"column":26}},"loc":{"start":{"line":93,"column":36},"end":{"line":105,"column":1}},"line":93},"14":{"name":"(anonymous_14)","decl":{"start":{"line":98,"column":17},"end":{"line":98,"column":18}},"loc":{"start":{"line":98,"column":23},"end":{"line":98,"column":47}},"line":98},"15":{"name":"Buttons","decl":{"start":{"line":107,"column":9},"end":{"line":107,"column":16}},"loc":{"start":{"line":107,"column":19},"end":{"line":144,"column":1}},"line":107},"16":{"name":"(anonymous_16)","decl":{"start":{"line":112,"column":12},"end":{"line":112,"column":13}},"loc":{"start":{"line":112,"column":18},"end":{"line":114,"column":3}},"line":112},"17":{"name":"(anonymous_17)","decl":{"start":{"line":123,"column":19},"end":{"line":123,"column":20}},"loc":{"start":{"line":123,"column":25},"end":{"line":123,"column":43}},"line":123},"18":{"name":"(anonymous_18)","decl":{"start":{"line":134,"column":19},"end":{"line":134,"column":20}},"loc":{"start":{"line":134,"column":25},"end":{"line":134,"column":43}},"line":134}},"branchMap":{"0":{"loc":{"start":{"line":19,"column":2},"end":{"line":23,"column":3}},"type":"if","locations":[{"start":{"line":19,"column":2},"end":{"line":23,"column":3}},{"start":{"line":19,"column":2},"end":{"line":23,"column":3}}],"line":19},"1":{"loc":{"start":{"line":30,"column":2},"end":{"line":34,"column":3}},"type":"if","locations":[{"start":{"line":30,"column":2},"end":{"line":34,"column":3}},{"start":{"line":30,"column":2},"end":{"line":34,"column":3}}],"line":30},"2":{"loc":{"start":{"line":30,"column":6},"end":{"line":30,"column":45}},"type":"binary-expr","locations":[{"start":{"line":30,"column":6},"end":{"line":30,"column":14}},{"start":{"line":30,"column":18},"end":{"line":30,"column":45}}],"line":30},"3":{"loc":{"start":{"line":40,"column":2},"end":{"line":43,"column":3}},"type":"if","locations":[{"start":{"line":40,"column":2},"end":{"line":43,"column":3}},{"start":{"line":40,"column":2},"end":{"line":43,"column":3}}],"line":40},"4":{"loc":{"start":{"line":62,"column":2},"end":{"line":64,"column":3}},"type":"if","locations":[{"start":{"line":62,"column":2},"end":{"line":64,"column":3}},{"start":{"line":62,"column":2},"end":{"line":64,"column":3}}],"line":62},"5":{"loc":{"start":{"line":65,"column":2},"end":{"line":68,"column":3}},"type":"if","locations":[{"start":{"line":65,"column":2},"end":{"line":68,"column":3}},{"start":{"line":65,"column":2},"end":{"line":68,"column":3}}],"line":65},"6":{"loc":{"start":{"line":69,"column":2},"end":{"line":72,"column":3}},"type":"if","locations":[{"start":{"line":69,"column":2},"end":{"line":72,"column":3}},{"start":{"line":69,"column":2},"end":{"line":72,"column":3}}],"line":69},"7":{"loc":{"start":{"line":84,"column":9},"end":{"line":86,"column":79}},"type":"cond-expr","locations":[{"start":{"line":85,"column":12},"end":{"line":85,"column":76}},{"start":{"line":86,"column":12},"end":{"line":86,"column":79}}],"line":84},"8":{"loc":{"start":{"line":88,"column":7},"end":{"line":88,"column":66}},"type":"binary-expr","locations":[{"start":{"line":88,"column":7},"end":{"line":88,"column":16}},{"start":{"line":88,"column":20},"end":{"line":88,"column":66}}],"line":88},"9":{"loc":{"start":{"line":113,"column":4},"end":{"line":113,"column":59}},"type":"if","locations":[{"start":{"line":113,"column":4},"end":{"line":113,"column":59}},{"start":{"line":113,"column":4},"end":{"line":113,"column":59}}],"line":113},"10":{"loc":{"start":{"line":119,"column":7},"end":{"line":128,"column":7}},"type":"binary-expr","locations":[{"start":{"line":119,"column":7},"end":{"line":119,"column":31}},{"start":{"line":119,"column":35},"end":{"line":119,"column":62}},{"start":{"line":120,"column":8},"end":{"line":127,"column":17}}],"line":119},"11":{"loc":{"start":{"line":129,"column":7},"end":{"line":138,"column":7}},"type":"binary-expr","locations":[{"start":{"line":129,"column":7},"end":{"line":129,"column":33}},{"start":{"line":129,"column":37},"end":{"line":129,"column":61}},{"start":{"line":130,"column":8},"end":{"line":137,"column":17}}],"line":129},"12":{"loc":{"start":{"line":141,"column":7},"end":{"line":141,"column":66}},"type":"binary-expr","locations":[{"start":{"line":141,"column":7},"end":{"line":141,"column":16}},{"start":{"line":141,"column":20},"end":{"line":141,"column":66}}],"line":141}},"s":{"0":2,"1":2,"2":2,"3":0,"4":18,"5":18,"6":18,"7":0,"8":0,"9":18,"10":18,"11":18,"12":18,"13":0,"14":0,"15":18,"16":22,"17":22,"18":14,"19":17,"20":14,"21":8,"22":1,"23":1,"24":1,"25":1,"26":1,"27":1,"28":1,"29":1,"30":1,"31":1,"32":1,"33":0,"34":0,"35":0,"36":9,"37":1,"38":9,"39":1,"40":9,"41":9,"42":9,"43":9,"44":9,"45":2,"46":0,"47":9,"48":1,"49":0},"f":{"0":2,"1":0,"2":18,"3":0,"4":18,"5":0,"6":22,"7":17,"8":1,"9":1,"10":0,"11":9,"12":1,"13":9,"14":1,"15":9,"16":2,"17":1,"18":0},"b":{"0":[18,0],"1":[18,0],"2":[18,0],"3":[14,8],"4":[1,0],"5":[1,0],"6":[0,1],"7":[3,6],"8":[9,1],"9":[0,2],"10":[9,9,9],"11":[9,0,0],"12":[9,1]},"_coverageSchema":"43e27e138ebf9cfc5966b082cf9a028302ed4184","hash":"abbe711161f1c7dfbf68547f7adb03a18c6fef8a"}
,"/Users/fmartins/Trybe/fabemiliano.github.io/projetos/recipe-app/sd-03-recipes-app-04/src/components/FoodSearchBar.jsx": {"path":"/Users/fmartins/Trybe/fabemiliano.github.io/projetos/recipe-app/sd-03-recipes-app-04/src/components/FoodSearchBar.jsx","statementMap":{"0":{"start":{"line":7,"column":2},"end":{"line":14,"column":3}},"1":{"start":{"line":8,"column":4},"end":{"line":8,"column":78}},"2":{"start":{"line":9,"column":9},"end":{"line":14,"column":3}},"3":{"start":{"line":10,"column":4},"end":{"line":10,"column":32}},"4":{"start":{"line":11,"column":4},"end":{"line":11,"column":23}},"5":{"start":{"line":12,"column":9},"end":{"line":14,"column":3}},"6":{"start":{"line":13,"column":4},"end":{"line":13,"column":26}},"7":{"start":{"line":18,"column":2},"end":{"line":60,"column":4}},"8":{"start":{"line":27,"column":12},"end":{"line":27,"column":37}},"9":{"start":{"line":28,"column":12},"end":{"line":28,"column":31}},"10":{"start":{"line":40,"column":12},"end":{"line":40,"column":37}},"11":{"start":{"line":41,"column":12},"end":{"line":41,"column":31}},"12":{"start":{"line":53,"column":12},"end":{"line":53,"column":37}},"13":{"start":{"line":54,"column":12},"end":{"line":54,"column":31}},"14":{"start":{"line":64,"column":2},"end":{"line":82,"column":3}},"15":{"start":{"line":66,"column":6},"end":{"line":67,"column":76}},"16":{"start":{"line":67,"column":24},"end":{"line":67,"column":74}},"17":{"start":{"line":68,"column":6},"end":{"line":68,"column":12}},"18":{"start":{"line":71,"column":6},"end":{"line":72,"column":76}},"19":{"start":{"line":72,"column":24},"end":{"line":72,"column":74}},"20":{"start":{"line":73,"column":6},"end":{"line":73,"column":12}},"21":{"start":{"line":76,"column":6},"end":{"line":76,"column":94}},"22":{"start":{"line":76,"column":37},"end":{"line":76,"column":92}},"23":{"start":{"line":77,"column":6},"end":{"line":80,"column":7}},"24":{"start":{"line":78,"column":8},"end":{"line":79,"column":78}},"25":{"start":{"line":79,"column":26},"end":{"line":79,"column":76}},"26":{"start":{"line":86,"column":42},"end":{"line":86,"column":54}},"27":{"start":{"line":87,"column":34},"end":{"line":87,"column":46}},"28":{"start":{"line":88,"column":30},"end":{"line":88,"column":42}},"29":{"start":{"line":89,"column":36},"end":{"line":89,"column":51}},"30":{"start":{"line":90,"column":22},"end":{"line":90,"column":34}},"31":{"start":{"line":91,"column":34},"end":{"line":91,"column":48}},"32":{"start":{"line":93,"column":2},"end":{"line":131,"column":4}},"33":{"start":{"line":100,"column":25},"end":{"line":100,"column":56}},"34":{"start":{"line":106,"column":23},"end":{"line":106,"column":87}},"35":{"start":{"line":116,"column":10},"end":{"line":125,"column":11}},"36":{"start":{"line":117,"column":12},"end":{"line":124,"column":14}},"37":{"start":{"line":126,"column":10},"end":{"line":126,"column":21}}},"fnMap":{"0":{"name":"checkResults","decl":{"start":{"line":6,"column":9},"end":{"line":6,"column":21}},"loc":{"start":{"line":6,"column":60},"end":{"line":15,"column":1}},"line":6},"1":{"name":"renderRadioButtons","decl":{"start":{"line":17,"column":9},"end":{"line":17,"column":27}},"loc":{"start":{"line":17,"column":54},"end":{"line":61,"column":1}},"line":17},"2":{"name":"(anonymous_2)","decl":{"start":{"line":26,"column":20},"end":{"line":26,"column":21}},"loc":{"start":{"line":26,"column":27},"end":{"line":29,"column":11}},"line":26},"3":{"name":"(anonymous_3)","decl":{"start":{"line":39,"column":20},"end":{"line":39,"column":21}},"loc":{"start":{"line":39,"column":27},"end":{"line":42,"column":11}},"line":39},"4":{"name":"(anonymous_4)","decl":{"start":{"line":52,"column":20},"end":{"line":52,"column":21}},"loc":{"start":{"line":52,"column":27},"end":{"line":55,"column":11}},"line":52},"5":{"name":"doSearch","decl":{"start":{"line":63,"column":9},"end":{"line":63,"column":17}},"loc":{"start":{"line":63,"column":74},"end":{"line":83,"column":1}},"line":63},"6":{"name":"(anonymous_6)","decl":{"start":{"line":67,"column":14},"end":{"line":67,"column":15}},"loc":{"start":{"line":67,"column":24},"end":{"line":67,"column":74}},"line":67},"7":{"name":"(anonymous_7)","decl":{"start":{"line":72,"column":14},"end":{"line":72,"column":15}},"loc":{"start":{"line":72,"column":24},"end":{"line":72,"column":74}},"line":72},"8":{"name":"(anonymous_8)","decl":{"start":{"line":79,"column":16},"end":{"line":79,"column":17}},"loc":{"start":{"line":79,"column":26},"end":{"line":79,"column":76}},"line":79},"9":{"name":"FoodSearchBar","decl":{"start":{"line":85,"column":9},"end":{"line":85,"column":22}},"loc":{"start":{"line":85,"column":25},"end":{"line":132,"column":1}},"line":85},"10":{"name":"(anonymous_10)","decl":{"start":{"line":100,"column":18},"end":{"line":100,"column":19}},"loc":{"start":{"line":100,"column":25},"end":{"line":100,"column":56}},"line":100},"11":{"name":"(anonymous_11)","decl":{"start":{"line":106,"column":17},"end":{"line":106,"column":18}},"loc":{"start":{"line":106,"column":23},"end":{"line":106,"column":87}},"line":106},"12":{"name":"(anonymous_12)","decl":{"start":{"line":115,"column":23},"end":{"line":115,"column":24}},"loc":{"start":{"line":115,"column":38},"end":{"line":127,"column":9}},"line":115}},"branchMap":{"0":{"loc":{"start":{"line":7,"column":2},"end":{"line":14,"column":3}},"type":"if","locations":[{"start":{"line":7,"column":2},"end":{"line":14,"column":3}},{"start":{"line":7,"column":2},"end":{"line":14,"column":3}}],"line":7},"1":{"loc":{"start":{"line":9,"column":9},"end":{"line":14,"column":3}},"type":"if","locations":[{"start":{"line":9,"column":9},"end":{"line":14,"column":3}},{"start":{"line":9,"column":9},"end":{"line":14,"column":3}}],"line":9},"2":{"loc":{"start":{"line":12,"column":9},"end":{"line":14,"column":3}},"type":"if","locations":[{"start":{"line":12,"column":9},"end":{"line":14,"column":3}},{"start":{"line":12,"column":9},"end":{"line":14,"column":3}}],"line":12},"3":{"loc":{"start":{"line":64,"column":2},"end":{"line":82,"column":3}},"type":"switch","locations":[{"start":{"line":65,"column":4},"end":{"line":69,"column":5}},{"start":{"line":70,"column":4},"end":{"line":74,"column":5}},{"start":{"line":75,"column":4},"end":{"line":81,"column":5}}],"line":64},"4":{"loc":{"start":{"line":76,"column":6},"end":{"line":76,"column":94}},"type":"if","locations":[{"start":{"line":76,"column":6},"end":{"line":76,"column":94}},{"start":{"line":76,"column":6},"end":{"line":76,"column":94}}],"line":76},"5":{"loc":{"start":{"line":77,"column":6},"end":{"line":80,"column":7}},"type":"if","locations":[{"start":{"line":77,"column":6},"end":{"line":80,"column":7}},{"start":{"line":77,"column":6},"end":{"line":80,"column":7}}],"line":77},"6":{"loc":{"start":{"line":116,"column":10},"end":{"line":125,"column":11}},"type":"if","locations":[{"start":{"line":116,"column":10},"end":{"line":125,"column":11}},{"start":{"line":116,"column":10},"end":{"line":125,"column":11}}],"line":116},"7":{"loc":{"start":{"line":121,"column":54},"end":{"line":121,"column":122}},"type":"cond-expr","locations":[{"start":{"line":121,"column":80},"end":{"line":121,"column":110}},{"start":{"line":121,"column":113},"end":{"line":121,"column":122}}],"line":121},"8":{"loc":{"start":{"line":129,"column":7},"end":{"line":129,"column":54}},"type":"binary-expr","locations":[{"start":{"line":129,"column":7},"end":{"line":129,"column":16}},{"start":{"line":129,"column":20},"end":{"line":129,"column":54}}],"line":129}},"s":{"0":2,"1":0,"2":2,"3":0,"4":0,"5":2,"6":2,"7":9,"8":1,"9":1,"10":1,"11":1,"12":0,"13":0,"14":2,"15":1,"16":1,"17":1,"18":1,"19":1,"20":1,"21":0,"22":0,"23":0,"24":0,"25":0,"26":9,"27":9,"28":9,"29":9,"30":9,"31":9,"32":9,"33":2,"34":2,"35":20,"36":20,"37":0},"f":{"0":2,"1":9,"2":1,"3":1,"4":0,"5":2,"6":1,"7":1,"8":0,"9":9,"10":2,"11":2,"12":20},"b":{"0":[0,2],"1":[0,2],"2":[2,0],"3":[1,1,0],"4":[0,0],"5":[0,0],"6":[20,0],"7":[0,20],"8":[9,0]},"_coverageSchema":"43e27e138ebf9cfc5966b082cf9a028302ed4184","hash":"19a68c48466891c924d7574fded642260dc5decd"}
,"/Users/fmartins/Trybe/fabemiliano.github.io/projetos/recipe-app/sd-03-recipes-app-04/src/components/Header.jsx": {"path":"/Users/fmartins/Trybe/fabemiliano.github.io/projetos/recipe-app/sd-03-recipes-app-04/src/components/Header.jsx","statementMap":{"0":{"start":{"line":12,"column":21},"end":{"line":12,"column":26}},"1":{"start":{"line":13,"column":46},"end":{"line":13,"column":75}},"2":{"start":{"line":14,"column":2},"end":{"line":46,"column":4}},"3":{"start":{"line":30,"column":72},"end":{"line":30,"column":85}},"4":{"start":{"line":51,"column":0},"end":{"line":53,"column":2}}},"fnMap":{"0":{"name":"Header","decl":{"start":{"line":11,"column":9},"end":{"line":11,"column":15}},"loc":{"start":{"line":11,"column":23},"end":{"line":47,"column":1}},"line":11},"1":{"name":"(anonymous_1)","decl":{"start":{"line":30,"column":66},"end":{"line":30,"column":67}},"loc":{"start":{"line":30,"column":72},"end":{"line":30,"column":85}},"line":30}},"branchMap":{"0":{"loc":{"start":{"line":28,"column":9},"end":{"line":38,"column":9}},"type":"binary-expr","locations":[{"start":{"line":28,"column":10},"end":{"line":28,"column":30}},{"start":{"line":28,"column":34},"end":{"line":28,"column":54}},{"start":{"line":28,"column":58},"end":{"line":28,"column":86}},{"start":{"line":29,"column":10},"end":{"line":37,"column":16}}],"line":28},"1":{"loc":{"start":{"line":39,"column":9},"end":{"line":41,"column":9}},"type":"binary-expr","locations":[{"start":{"line":39,"column":10},"end":{"line":39,"column":30}},{"start":{"line":39,"column":34},"end":{"line":39,"column":54}},{"start":{"line":39,"column":58},"end":{"line":39,"column":86}},{"start":{"line":40,"column":10},"end":{"line":40,"column":46}}],"line":39},"2":{"loc":{"start":{"line":43,"column":7},"end":{"line":43,"column":72}},"type":"binary-expr","locations":[{"start":{"line":43,"column":7},"end":{"line":43,"column":25}},{"start":{"line":43,"column":30},"end":{"line":43,"column":50}},{"start":{"line":43,"column":55},"end":{"line":43,"column":72}}],"line":43},"3":{"loc":{"start":{"line":44,"column":7},"end":{"line":44,"column":73}},"type":"binary-expr","locations":[{"start":{"line":44,"column":7},"end":{"line":44,"column":25}},{"start":{"line":44,"column":30},"end":{"line":44,"column":50}},{"start":{"line":44,"column":55},"end":{"line":44,"column":73}}],"line":44}},"s":{"0":76,"1":76,"2":76,"3":8,"4":4},"f":{"0":76,"1":8},"b":{"0":[76,40,4,72],"1":[76,40,4,4],"2":[76,6,3],"3":[76,6,3]},"_coverageSchema":"43e27e138ebf9cfc5966b082cf9a028302ed4184","hash":"71af796e5ae808d41441fcfc4d0c8af67c29059d"}
,"/Users/fmartins/Trybe/fabemiliano.github.io/projetos/recipe-app/sd-03-recipes-app-04/src/components/InferiorMenu.jsx": {"path":"/Users/fmartins/Trybe/fabemiliano.github.io/projetos/recipe-app/sd-03-recipes-app-04/src/components/InferiorMenu.jsx","statementMap":{"0":{"start":{"line":9,"column":2},"end":{"line":39,"column":4}}},"fnMap":{"0":{"name":"InferiorMenu","decl":{"start":{"line":8,"column":9},"end":{"line":8,"column":21}},"loc":{"start":{"line":8,"column":24},"end":{"line":40,"column":1}},"line":8}},"branchMap":{},"s":{"0":76},"f":{"0":76},"b":{},"_coverageSchema":"43e27e138ebf9cfc5966b082cf9a028302ed4184","hash":"3cc2927851081d62dadc7ad709ea67a259834f37"}
[...]
,"column":35}},"33":{"start":{"line":60,"column":4},"end":{"line":60,"column":67}},"34":{"start":{"line":60,"column":36},"end":{"line":60,"column":65}},"35":{"start":{"line":63,"column":30},"end":{"line":69,"column":3}},"36":{"start":{"line":64,"column":4},"end":{"line":64,"column":19}},"37":{"start":{"line":65,"column":4},"end":{"line":67,"column":7}},"38":{"start":{"line":66,"column":6},"end":{"line":66,"column":36}},"39":{"start":{"line":68,"column":4},"end":{"line":68,"column":65}},"40":{"start":{"line":68,"column":35},"end":{"line":68,"column":63}},"41":{"start":{"line":71,"column":18},"end":{"line":87,"column":3}},"42":{"start":{"line":89,"column":2},"end":{"line":93,"column":4}},"43":{"start":{"line":96,"column":0},"end":{"line":98,"column":2}}},"fnMap":{"0":{"name":"(anonymous_0)","decl":{"start":{"line":10,"column":27},"end":{"line":10,"column":28}},"loc":{"start":{"line":10,"column":45},"end":{"line":94,"column":1}},"line":10},"1":{"name":"(anonymous_1)","decl":{"start":{"line":19,"column":20},"end":{"line":19,"column":21}},"loc":{"start":{"line":19,"column":31},"end":{"line":25,"column":3}},"line":19},"2":{"name":"(anonymous_2)","decl":{"start":{"line":27,"column":22},"end":{"line":27,"column":23}},"loc":{"start":{"line":27,"column":28},"end":{"line":29,"column":3}},"line":27},"3":{"name":"(anonymous_3)","decl":{"start":{"line":31,"column":19},"end":{"line":31,"column":20}},"loc":{"start":{"line":31,"column":25},"end":{"line":41,"column":3}},"line":31},"4":{"name":"(anonymous_4)","decl":{"start":{"line":35,"column":16},"end":{"line":35,"column":17}},"loc":{"start":{"line":35,"column":28},"end":{"line":35,"column":49}},"line":35},"5":{"name":"(anonymous_5)","decl":{"start":{"line":39,"column":16},"end":{"line":39,"column":17}},"loc":{"start":{"line":39,"column":28},"end":{"line":39,"column":49}},"line":39},"6":{"name":"(anonymous_6)","decl":{"start":{"line":43,"column":20},"end":{"line":43,"column":21}},"loc":{"start":{"line":43,"column":26},"end":{"line":53,"column":3}},"line":43},"7":{"name":"(anonymous_7)","decl":{"start":{"line":47,"column":16},"end":{"line":47,"column":17}},"loc":{"start":{"line":47,"column":28},"end":{"line":47,"column":50}},"line":47},"8":{"name":"(anonymous_8)","decl":{"start":{"line":51,"column":16},"end":{"line":51,"column":17}},"loc":{"start":{"line":51,"column":28},"end":{"line":51,"column":50}},"line":51},"9":{"name":"(anonymous_9)","decl":{"start":{"line":55,"column":29},"end":{"line":55,"column":30}},"loc":{"start":{"line":55,"column":41},"end":{"line":61,"column":3}},"line":55},"10":{"name":"(anonymous_10)","decl":{"start":{"line":57,"column":29},"end":{"line":57,"column":30}},"loc":{"start":{"line":57,"column":39},"end":{"line":59,"column":5}},"line":57},"11":{"name":"(anonymous_11)","decl":{"start":{"line":60,"column":26},"end":{"line":60,"column":27}},"loc":{"start":{"line":60,"column":36},"end":{"line":60,"column":65}},"line":60},"12":{"name":"(anonymous_12)","decl":{"start":{"line":63,"column":30},"end":{"line":63,"column":31}},"loc":{"start":{"line":63,"column":43},"end":{"line":69,"column":3}},"line":63},"13":{"name":"(anonymous_13)","decl":{"start":{"line":65,"column":31},"end":{"line":65,"column":32}},"loc":{"start":{"line":65,"column":41},"end":{"line":67,"column":5}},"line":65},"14":{"name":"(anonymous_14)","decl":{"start":{"line":68,"column":25},"end":{"line":68,"column":26}},"loc":{"start":{"line":68,"column":35},"end":{"line":68,"column":63}},"line":68}},"branchMap":{"0":{"loc":{"start":{"line":32,"column":4},"end":{"line":40,"column":5}},"type":"switch","locations":[{"start":{"line":33,"column":6},"end":{"line":36,"column":14}},{"start":{"line":37,"column":6},"end":{"line":39,"column":51}}],"line":32},"1":{"loc":{"start":{"line":44,"column":4},"end":{"line":52,"column":5}},"type":"switch","locations":[{"start":{"line":45,"column":6},"end":{"line":48,"column":14}},{"start":{"line":49,"column":6},"end":{"line":51,"column":52}}],"line":44}},"s":{"0":6,"1":6,"2":6,"3":72,"4":72,"5":72,"6":72,"7":72,"8":72,"9":72,"10":72,"11":0,"12":0,"13":72,"14":8,"15":72,"16":17,"17":17,"18":17,"19":17,"20":0,"21":0,"22":72,"23":17,"24":17,"25":17,"26":17,"27":0,"28":0,"29":72,"30":2,"31":2,"32":2,"33":2,"34":2,"35":72,"36":2,"37":2,"38":2,"39":2,"40":2,"41":72,"42":72,"43":6},"f":{"0":72,"1":0,"2":8,"3":17,"4":17,"5":0,"6":17,"7":17,"8":0,"9":2,"10":2,"11":2,"12":2,"13":2,"14":2},"b":{"0":[17,0],"1":[17,0]},"_coverageSchema":"43e27e138ebf9cfc5966b082cf9a028302ed4184","hash":"11a36aa0165f3cea6714fcdef7dccc767e99f104"}
,"/Users/fmartins/Trybe/fabemiliano.github.io/projetos/recipe-app/sd-03-recipes-app-04/src/services/drink-api.js": {"path":"/Users/fmartins/Trybe/fabemiliano.github.io/projetos/recipe-app/sd-03-recipes-app-04/src/services/drink-api.js","statementMap":{"0":{"start":{"line":2,"column":2},"end":{"line":3,"column":33}},"1":{"start":{"line":3,"column":20},"end":{"line":3,"column":31}},"2":{"start":{"line":7,"column":2},"end":{"line":8,"column":33}},"3":{"start":{"line":8,"column":20},"end":{"line":8,"column":31}},"4":{"start":{"line":12,"column":2},"end":{"line":17,"column":7}},"5":{"start":{"line":13,"column":20},"end":{"line":13,"column":31}},"6":{"start":{"line":15,"column":6},"end":{"line":15,"column":47}},"7":{"start":{"line":16,"column":6},"end":{"line":16,"column":28}},"8":{"start":{"line":21,"column":2},"end":{"line":22,"column":33}},"9":{"start":{"line":22,"column":20},"end":{"line":22,"column":31}},"10":{"start":{"line":26,"column":2},"end":{"line":28,"column":38}},"11":{"start":{"line":27,"column":20},"end":{"line":27,"column":31}},"12":{"start":{"line":28,"column":20},"end":{"line":28,"column":36}},"13":{"start":{"line":32,"column":2},"end":{"line":33,"column":33}},"14":{"start":{"line":33,"column":20},"end":{"line":33,"column":31}},"15":{"start":{"line":37,"column":2},"end":{"line":38,"column":33}},"16":{"start":{"line":38,"column":20},"end":{"line":38,"column":31}},"17":{"start":{"line":42,"column":2},"end":{"line":43,"column":33}},"18":{"start":{"line":43,"column":20},"end":{"line":43,"column":31}},"19":{"start":{"line":47,"column":2},"end":{"line":48,"column":33}},"20":{"start":{"line":48,"column":20},"end":{"line":48,"column":31}}},"fnMap":{"0":{"name":"getFirstDrinks","decl":{"start":{"line":1,"column":22},"end":{"line":1,"column":36}},"loc":{"start":{"line":1,"column":39},"end":{"line":4,"column":1}},"line":1},"1":{"name":"(anonymous_1)","decl":{"start":{"line":3,"column":10},"end":{"line":3,"column":11}},"loc":{"start":{"line":3,"column":20},"end":{"line":3,"column":31}},"line":3},"2":{"name":"getListDrinksCategories","decl":{"start":{"line":6,"column":22},"end":{"line":6,"column":45}},"loc":{"start":{"line":6,"column":48},"end":{"line":9,"column":1}},"line":6},"3":{"name":"(anonymous_3)","decl":{"start":{"line":8,"column":10},"end":{"line":8,"column":11}},"loc":{"start":{"line":8,"column":20},"end":{"line":8,"column":31}},"line":8},"4":{"name":"getDrinkByCategories","decl":{"start":{"line":11,"column":22},"end":{"line":11,"column":42}},"loc":{"start":{"line":11,"column":54},"end":{"line":18,"column":1}},"line":11},"5":{"name":"(anonymous_5)","decl":{"start":{"line":13,"column":10},"end":{"line":13,"column":11}},"loc":{"start":{"line":13,"column":20},"end":{"line":13,"column":31}},"line":13},"6":{"name":"(anonymous_6)","decl":{"start":{"line":14,"column":11},"end":{"line":14,"column":12}},"loc":{"start":{"line":14,"column":17},"end":{"line":17,"column":5}},"line":14},"7":{"name":"getRandomDrink","decl":{"start":{"line":20,"column":22},"end":{"line":20,"column":36}},"loc":{"start":{"line":20,"column":39},"end":{"line":23,"column":1}},"line":20},"8":{"name":"(anonymous_8)","decl":{"start":{"line":22,"column":10},"end":{"line":22,"column":11}},"loc":{"start":{"line":22,"column":20},"end":{"line":22,"column":31}},"line":22},"9":{"name":"getDrinksByIngredient","decl":{"start":{"line":25,"column":22},"end":{"line":25,"column":43}},"loc":{"start":{"line":25,"column":52},"end":{"line":29,"column":1}},"line":25},"10":{"name":"(anonymous_10)","decl":{"start":{"line":27,"column":10},"end":{"line":27,"column":11}},"loc":{"start":{"line":27,"column":20},"end":{"line":27,"column":31}},"line":27},"11":{"name":"(anonymous_11)","decl":{"start":{"line":28,"column":11},"end":{"line":28,"column":12}},"loc":{"start":{"line":28,"column":20},"end":{"line":28,"column":36}},"line":28},"12":{"name":"getDrinksByName","decl":{"start":{"line":31,"column":22},"end":{"line":31,"column":37}},"loc":{"start":{"line":31,"column":46},"end":{"line":34,"column":1}},"line":31},"13":{"name":"(anonymous_13)","decl":{"start":{"line":33,"column":10},"end":{"line":33,"column":11}},"loc":{"start":{"line":33,"column":20},"end":{"line":33,"column":31}},"line":33},"14":{"name":"getDrinksByLetter","decl":{"start":{"line":36,"column":22},"end":{"line":36,"column":39}},"loc":{"start":{"line":36,"column":48},"end":{"line":39,"column":1}},"line":36},"15":{"name":"(anonymous_15)","decl":{"start":{"line":38,"column":10},"end":{"line":38,"column":11}},"loc":{"start":{"line":38,"column":20},"end":{"line":38,"column":31}},"line":38},"16":{"name":"getDrinkByID","decl":{"start":{"line":41,"column":22},"end":{"line":41,"column":34}},"loc":{"start":{"line":41,"column":39},"end":{"line":44,"column":1}},"line":41},"17":{"name":"(anonymous_17)","decl":{"start":{"line":43,"column":10},"end":{"line":43,"column":11}},"loc":{"start":{"line":43,"column":20},"end":{"line":43,"column":31}},"line":43},"18":{"name":"getIngredientsList","decl":{"start":{"line":46,"column":22},"end":{"line":46,"column":40}},"loc":{"start":{"line":46,"column":43},"end":{"line":49,"column":1}},"line":46},"19":{"name":"(anonymous_19)","decl":{"start":{"line":48,"column":10},"end":{"line":48,"column":11}},"loc":{"start":{"line":48,"column":20},"end":{"line":48,"column":31}},"line":48}},"branchMap":{},"s":{"0":19,"1":19,"2":8,"3":8,"4":3,"5":3,"6":0,"7":0,"8":0,"9":0,"10":1,"11":1,"12":0,"13":1,"14":1,"15":0,"16":0,"17":2,"18":2,"19":0,"20":0},"f":{"0":19,"1":19,"2":8,"3":8,"4":3,"5":3,"6":0,"7":0,"8":0,"9":1,"10":1,"11":0,"12":1,"13":1,"14":0,"15":0,"16":2,"17":2,"18":0,"19":0},"b":{},"_coverageSchema":"43e27e138ebf9cfc5966b082cf9a028302ed4184","hash":"1849dc072e35961680692c9659ebc81026f88961"}
,"/Users/fmartins/Trybe/fabemiliano.github.io/projetos/recipe-app/sd-03-recipes-app-04/src/services/foodApi.js": {"path":"/Users/fmartins/Trybe/fabemiliano.github.io/projetos/recipe-app/sd-03-recipes-app-04/src/services/foodApi.js","statementMap":{"0":{"start":{"line":1,"column":29},"end":{"line":5,"column":1}},"1":{"start":{"line":2,"column":15},"end":{"line":2,"column":90}},"2":{"start":{"line":3,"column":19},"end":{"line":3,"column":36}},"3":{"start":{"line":4,"column":2},"end":{"line":4,"column":18}},"4":{"start":{"line":7,"column":34},"end":{"line":15,"column":1}},"5":{"start":{"line":8,"column":15},"end":{"line":8,"column":94}},"6":{"start":{"line":9,"column":17},"end":{"line":9,"column":34}},"7":{"start":{"line":10,"column":2},"end":{"line":13,"column":3}},"8":{"start":{"line":11,"column":4},"end":{"line":11,"column":34}},"9":{"start":{"line":12,"column":4},"end":{"line":12,"column":29}},"10":{"start":{"line":14,"column":2},"end":{"line":14,"column":18}},"11":{"start":{"line":17,"column":29},"end":{"line":21,"column":1}},"12":{"start":{"line":18,"column":15},"end":{"line":18,"column":90}},"13":{"start":{"line":19,"column":19},"end":{"line":19,"column":36}},"14":{"start":{"line":20,"column":2},"end":{"line":20,"column":18}},"15":{"start":{"line":23,"column":30},"end":{"line":27,"column":1}},"16":{"start":{"line":24,"column":15},"end":{"line":24,"column":96}},"17":{"start":{"line":25,"column":19},"end":{"line":25,"column":36}},"18":{"start":{"line":26,"column":2},"end":{"line":26,"column":18}},"19":{"start":{"line":29,"column":32},"end":{"line":33,"column":1}},"20":{"start":{"line":30,"column":15},"end":{"line":30,"column":97}},"21":{"start":{"line":31,"column":19},"end":{"line":31,"column":36}},"22":{"start":{"line":32,"column":2},"end":{"line":32,"column":18}},"23":{"start":{"line":35,"column":29},"end":{"line":39,"column":1}},"24":{"start":{"line":36,"column":15},"end":{"line":36,"column":83}},"25":{"start":{"line":37,"column":19},"end":{"line":37,"column":36}},"26":{"start":{"line":38,"column":2},"end":{"line":38,"column":18}},"27":{"start":{"line":41,"column":27},"end":{"line":45,"column":1}},"28":{"start":{"line":42,"column":15},"end":{"line":42,"column":88}},"29":{"start":{"line":43,"column":19},"end":{"line":43,"column":36}},"30":{"start":{"line":44,"column":2},"end":{"line":44,"column":18}},"31":{"start":{"line":47,"column":29},"end":{"line":51,"column":1}},"32":{"start":{"line":48,"column":15},"end":{"line":48,"column":80}},"33":{"start":{"line":49,"column":19},"end":{"line":49,"column":36}},"34":{"start":{"line":50,"column":2},"end":{"line":50,"column":18}},"35":{"start":{"line":53,"column":33},"end":{"line":57,"column":1}},"36":{"start":{"line":54,"column":15},"end":{"line":54,"column":85}},"37":{"start":{"line":55,"column":19},"end":{"line":55,"column":36}},"38":{"start":{"line":56,"column":2},"end":{"line":56,"column":18}},"39":{"start":{"line":59,"column":34},"end":{"line":63,"column":1}},"40":{"start":{"line":60,"column":15},"end":{"line":60,"column":85}},"41":{"start":{"line":61,"column":19},"end":{"line":61,"column":36}},"42":{"start":{"line":62,"column":2},"end":{"line":62,"column":18}},"43":{"start":{"line":65,"column":27},"end":{"line":69,"column":1}},"44":{"start":{"line":66,"column":15},"end":{"line":66,"column":85}},"45":{"start":{"line":67,"column":19},"end":{"line":67,"column":36}},"46":{"start":{"line":68,"column":2},"end":{"line":68,"column":18}}},"fnMap":{"0":{"name":"(anonymous_0)","decl":{"start":{"line":1,"column":29},"end":{"line":1,"column":30}},"loc":{"start":{"line":1,"column":45},"end":{"line":5,"column":1}},"line":1},"1":{"name":"(anonymous_1)","decl":{"start":{"line":7,"column":34},"end":{"line":7,"column":35}},"loc":{"start":{"line":7,"column":54},"end":{"line":15,"column":1}},"line":7},"2":{"name":"(anonymous_2)","decl":{"start":{"line":17,"column":29},"end":{"line":17,"column":30}},"loc":{"start":{"line":17,"column":45},"end":{"line":21,"column":1}},"line":17},"3":{"name":"(anonymous_3)","decl":{"start":{"line":23,"column":30},"end":{"line":23,"column":31}},"loc":{"start":{"line":23,"column":52},"end":{"line":27,"column":1}},"line":23},"4":{"name":"(anonymous_4)","decl":{"start":{"line":29,"column":32},"end":{"line":29,"column":33}},"loc":{"start":{"line":29,"column":55},"end":{"line":33,"column":1}},"line":29},"5":{"name":"(anonymous_5)","decl":{"start":{"line":35,"column":29},"end":{"line":35,"column":30}},"loc":{"start":{"line":35,"column":41},"end":{"line":39,"column":1}},"line":35},"6":{"name":"(anonymous_6)","decl":{"start":{"line":41,"column":27},"end":{"line":41,"column":28}},"loc":{"start":{"line":41,"column":41},"end":{"line":45,"column":1}},"line":41},"7":{"name":"(anonymous_7)","decl":{"start":{"line":47,"column":29},"end":{"line":47,"column":30}},"loc":{"start":{"line":47,"column":41},"end":{"line":51,"column":1}},"line":47},"8":{"name":"(anonymous_8)","decl":{"start":{"line":53,"column":33},"end":{"line":53,"column":34}},"loc":{"start":{"line":53,"column":45},"end":{"line":57,"column":1}},"line":53},"9":{"name":"(anonymous_9)","decl":{"start":{"line":59,"column":34},"end":{"line":59,"column":35}},"loc":{"start":{"line":59,"column":46},"end":{"line":63,"column":1}},"line":59},"10":{"name":"(anonymous_10)","decl":{"start":{"line":65,"column":27},"end":{"line":65,"column":28}},"loc":{"start":{"line":65,"column":39},"end":{"line":69,"column":1}},"line":65}},"branchMap":{"0":{"loc":{"start":{"line":10,"column":2},"end":{"line":13,"column":3}},"type":"if","locations":[{"start":{"line":10,"column":2},"end":{"line":13,"column":3}},{"start":{"line":10,"column":2},"end":{"line":13,"column":3}}],"line":10}},"s":{"0":6,"1":1,"2":1,"3":1,"4":6,"5":3,"6":3,"7":3,"8":0,"9":0,"10":3,"11":6,"12":0,"13":0,"14":0,"15":6,"16":1,"17":1,"18":1,"19":6,"20":0,"21":0,"22":0,"23":6,"24":19,"25":19,"26":19,"27":6,"28":2,"29":2,"30":2,"31":6,"32":0,"33":0,"34":0,"35":6,"36":8,"37":8,"38":8,"39":6,"40":1,"41":1,"42":1,"43":6,"44":0,"45":0,"46":0},"f":{"0":1,"1":3,"2":0,"3":1,"4":0,"5":19,"6":2,"7":0,"8":8,"9":1,"10":0},"b":{"0":[0,3]},"_coverageSchema":"43e27e138ebf9cfc5966b082cf9a028302ed4184","hash":"af23582ee4e670ed427c1db093f9e371cd05e2a3"}
,"/Users/fmartins/Trybe/fabemiliano.github.io/projetos/recipe-app/sd-03-recipes-app-04/src/tests/Mocks/Fetch.js": {"path":"/Users/fmartins/Trybe/fabemiliano.github.io/projetos/recipe-app/sd-03-recipes-app-04/src/tests/Mocks/Fetch.js","statementMap":{"0":{"start":{"line":3,"column":18},"end":{"line":3,"column":23}}},"fnMap":{},"branchMap":{},"s":{"0":4},"f":{},"b":{},"_coverageSchema":"43e27e138ebf9cfc5966b082cf9a028302ed4184","hash":"f23bc2f7783f4c7e9d857f77e6f43156ecb6e79a"}
,"/Users/fmartins/Trybe/fabemiliano.github.io/projetos/recipe-app/sd-03-recipes-app-04/src/tests/Mocks/MockLocalStorage.js": {"path":"/Users/fmartins/Trybe/fabemiliano.github.io/projetos/recipe-app/sd-03-recipes-app-04/src/tests/Mocks/MockLocalStorage.js","statementMap":{"0":{"start":{"line":2,"column":26},"end":{"line":2,"column":43}},"1":{"start":{"line":4,"column":22},"end":{"line":4,"column":55}},"2":{"start":{"line":6,"column":17},"end":{"line":6,"column":40}},"3":{"start":{"line":8,"column":20},"end":{"line":8,"column":43}},"4":{"start":{"line":10,"column":12},"end":{"line":10,"column":28}}},"fnMap":{"0":{"name":"(anonymous_0)","decl":{"start":{"line":2,"column":2},"end":{"line":2,"column":3}},"loc":{"start":{"line":2,"column":24},"end":{"line":2,"column":45}},"line":2},"1":{"name":"(anonymous_1)","decl":{"start":{"line":4,"column":2},"end":{"line":4,"column":3}},"loc":{"start":{"line":4,"column":20},"end":{"line":4,"column":57}},"line":4},"2":{"name":"(anonymous_2)","decl":{"start":{"line":6,"column":2},"end":{"line":6,"column":3}},"loc":{"start":{"line":6,"column":15},"end":{"line":6,"column":42}},"line":6},"3":{"name":"(anonymous_3)","decl":{"start":{"line":8,"column":2},"end":{"line":8,"column":3}},"loc":{"start":{"line":8,"column":18},"end":{"line":8,"column":45}},"line":8},"4":{"name":"(anonymous_4)","decl":{"start":{"line":10,"column":2},"end":{"line":10,"column":3}},"loc":{"start":{"line":10,"column":10},"end":{"line":10,"column":30}},"line":10}},"branchMap":{"0":{"loc":{"start":{"line":2,"column":14},"end":{"line":2,"column":22}},"type":"default-arg","locations":[{"start":{"line":2,"column":20},"end":{"line":2,"column":22}}],"line":2}},"s":{"0":0,"1":0,"2":0,"3":0,"4":0},"f":{"0":0,"1":0,"2":0,"3":0,"4":0},"b":{"0":[0]},"hash":"0827f4d4f22ebc62682f2ee4908df3a63aaeddc0"}
,"/Users/fmartins/Trybe/fabemiliano.github.io/projetos/recipe-app/sd-03-recipes-app-04/src/tests/Mocks/RenderService.js": {"path":"/Users/fmartins/Trybe/fabemiliano.github.io/projetos/recipe-app/sd-03-recipes-app-04/src/tests/Mocks/RenderService.js","statementMap":{"0":{"start":{"line":11,"column":2},"end":{"line":20,"column":4}}},"fnMap":{"0":{"name":"renderWithRouter","decl":{"start":{"line":7,"column":24},"end":{"line":7,"column":40}},"loc":{"start":{"line":10,"column":2},"end":{"line":21,"column":1}},"line":10}},"branchMap":{"0":{"loc":{"start":{"line":9,"column":2},"end":{"line":9,"column":82}},"type":"default-arg","locations":[{"start":{"line":9,"column":80},"end":{"line":9,"column":82}}],"line":9},"1":{"loc":{"start":{"line":9,"column":4},"end":{"line":9,"column":15}},"type":"default-arg","locations":[{"start":{"line":9,"column":12},"end":{"line":9,"column":15}}],"line":9},"2":{"loc":{"start":{"line":9,"column":17},"end":{"line":9,"column":75}},"type":"default-arg","locations":[{"start":{"line":9,"column":27},"end":{"line":9,"column":75}}],"line":9}},"s":{"0":27},"f":{"0":27},"b":{"0":[27],"1":[27],"2":[27]},"_coverageSchema":"43e27e138ebf9cfc5966b082cf9a028302ed4184","hash":"c634beb5eba33c2025ba548c22ab100e4a283116"}
}
