TN:
SF:/Users/fmartins/Trybe/fabemiliano.github.io/projetos/recipe-app/sd-03-recipes-app-04/src/App.js
FN:25,App
FN:33,(anonymous_1)
FN:34,(anonymous_2)
FNF:3
FNH:1
FNDA:1,App
FNDA:0,(anonymous_1)
FNDA:0,(anonymous_2)
DA:26,1
DA:33,0
DA:34,0
LF:3
LH:1
BRF:0
BRH:0
end_of_record
TN:
SF:/Users/fmartins/Trybe/fabemiliano.github.io/projetos/recipe-app/sd-03-recipes-app-04/src/components/DetailsDrinkScreen.jsx
FN:7,DetailsDrinkScreen
FN:11,(anonymous_1)
FNF:2
FNH:2
FNDA:8,DetailsDrinkScreen
FNDA:2,(anonymous_1)
DA:8,8
DA:9,8
DA:10,8
DA:11,8
DA:12,2
DA:13,2
DA:16,8
DA:29,2
LF:8
LH:8
BRDA:18,0,0,8
BRDA:18,0,1,2
BRDA:19,1,0,8
BRDA:19,1,1,6
BRDA:21,2,0,6
BRDA:21,2,1,6
BRDA:22,3,0,6
BRDA:22,3,1,6
BRF:8
BRH:8
end_of_record
TN:
SF:/Users/fmartins/Trybe/fabemiliano.github.io/projetos/recipe-app/sd-03-recipes-app-04/src/components/DetailsFoodScreen.jsx
FN:8,DetailsFoodScreen
FN:12,(anonymous_1)
FNF:2
FNH:2
FNDA:8,DetailsFoodScreen
FNDA:2,(anonymous_1)
DA:9,8
DA:10,8
DA:11,8
DA:12,8
DA:13,2
DA:14,2
DA:17,8
DA:30,2
LF:8
LH:8
BRDA:19,0,0,8
BRDA:19,0,1,2
BRDA:20,1,0,8
BRDA:20,1,1,6
BRDA:22,2,0,6
BRDA:22,2,1,6
BRDA:23,3,0,6
BRDA:23,3,1,6
BRF:8
BRH:8
end_of_record
TN:
SF:/Users/fmartins/Trybe/fabemiliano.github.io/projetos/recipe-app/sd-03-recipes-app-04/src/components/DoneRecipes.jsx
FN:11,(anonymous_0)
FN:12,(anonymous_1)
FN:13,(anonymous_2)
FN:20,(anonymous_3)
FN:29,(anonymous_4)
FN:38,(anonymous_5)
FN:47,(anonymous_6)
FN:49,(anonymous_7)
FN:51,(anonymous_8)
FN:57,(anonymous_9)
FN:59,(anonymous_10)
FN:86,(anonymous_11)
FN:94,(anonymous_12)
FN:104,(anonymous_13)
FN:112,(anonymous_14)
FNF:15
FNH:0
FNDA:0,(anonymous_0)
FNDA:0,(anonymous_1)
FNDA:0,(anonymous_2)
FNDA:0,(anonymous_3)
FNDA:0,(anonymous_4)
FNDA:0,(anonymous_5)
FNDA:0,(anonymous_6)
FNDA:0,(anonymous_7)
FNDA:0,(anonymous_8)
FNDA:0,(anonymous_9)
FNDA:0,(anonymous_10)
FNDA:0,(anonymous_11)
FNDA:0,(anonymous_12)
FNDA:0,(anonymous_13)
FNDA:0,(anonymous_14)
DA:11,1
DA:12,0
DA:13,0
DA:14,0
DA:20,0
DA:29,0
DA:38,0
DA:47,1
DA:48,0
DA:50,0
DA:51,0
DA:52,0
DA:57,1
DA:58,0
DA:70,0
DA:87,0
DA:94,0
DA:104,1
DA:105,0
DA:106,0
DA:107,0
DA:109,0
DA:110,0
DA:112,0
DA:113,0
DA:114,0
DA:117,0
LF:27
LH:4
BRDA:80,0,0,0
BRDA:80,0,1,0
BRDA:110,1,0,0
BRDA:110,1,1,0
BRDA:120,2,0,0
BRDA:120,2,1,0
BRDA:121,3,0,0
BRDA:121,3,1,0
BRF:8
BRH:0
end_of_record
TN:
SF:/Users/fmartins/Trybe/fabemiliano.github.io/projetos/recipe-app/sd-03-recipes-app-04/src/components/DrinkBasicInfo.jsx
FN:6,renderRecomendations
FN:11,(anonymous_1)
FN:34,BasicInfo
FN:38,(anonymous_3)
FN:39,(anonymous_4)
FN:50,(anonymous_5)
FNF:6
FNH:6
FNDA:6,renderRecomendations
FNDA:50,(anonymous_1)
FNDA:6,BasicInfo
FNDA:212,(anonymous_3)
FNDA:212,(anonymous_4)
FNDA:60,(anonymous_5)
DA:7,6
DA:12,50
DA:13,12
DA:27,38
DA:37,6
DA:38,212
DA:39,212
DA:40,6
DA:51,60
DA:52,28
DA:58,32
LF:11
LH:11
BRDA:12,0,0,12
BRDA:12,0,1,38
BRDA:51,1,0,28
BRDA:51,1,1,32
BRF:4
BRH:4
end_of_record
TN:
SF:/Users/fmartins/Trybe/fabemiliano.github.io/projetos/recipe-app/sd-03-recipes-app-04/src/components/DrinkButtons.jsx
FN:13,clickFavorite
FN:14,(anonymous_1)
FN:36,(anonymous_2)
FN:41,getStartedLocalStorage
FN:47,(anonymous_4)
FN:52,renderFavoriteButton
FN:58,(anonymous_6)
FN:70,renderShareButton
FN:75,(anonymous_8)
FN:84,Buttons
FN:89,(anonymous_10)
FN:99,(anonymous_11)
FN:110,(anonymous_12)
FNF:13
FNH:10
FNDA:1,clickFavorite
FNDA:1,(anonymous_1)
FNDA:0,(anonymous_2)
FNDA:18,getStartedLocalStorage
FNDA:0,(anonymous_4)
FNDA:9,renderFavoriteButton
FNDA:1,(anonymous_6)
FNDA:9,renderShareButton
FNDA:1,(anonymous_8)
FNDA:9,Buttons
FNDA:2,(anonymous_10)
FNDA:1,(anonymous_11)
FNDA:0,(anonymous_12)
DA:14,1
DA:17,1
DA:18,1
DA:27,1
DA:28,1
DA:29,0
DA:31,1
DA:32,1
DA:33,1
DA:35,1
DA:36,0
DA:37,0
DA:42,18
DA:44,18
DA:45,18
DA:47,0
DA:49,18
DA:53,9
DA:58,1
DA:71,9
DA:75,1
DA:85,9
DA:86,9
DA:87,9
DA:88,9
DA:89,9
DA:90,2
DA:92,9
DA:99,1
DA:110,0
LF:30
LH:25
BRDA:28,0,0,0
BRDA:28,0,1,1
BRDA:31,1,0,1
BRDA:31,1,1,0
BRDA:35,2,0,0
BRDA:35,2,1,1
BRDA:44,3,0,18
BRDA:44,3,1,0
BRDA:44,4,0,18
BRDA:44,4,1,0
BRDA:61,5,0,3
BRDA:61,5,1,6
BRDA:65,6,0,9
BRDA:65,6,1,1
BRDA:90,7,0,0
BRDA:90,7,1,2
BRDA:95,8,0,9
BRDA:95,8,1,9
BRDA:95,8,2,9
BRDA:105,9,0,9
BRDA:105,9,1,0
BRDA:105,9,2,0
BRDA:117,10,0,9
BRDA:117,10,1,1
BRF:24
BRH:16
end_of_record
TN:
SF:/Users/fmartins/Trybe/fabemiliano.github.io/projetos/recipe-app/sd-03-recipes-app-04/src/components/DrinkSearchBar.jsx
FN:5,checkResults
FN:16,renderRadioButtons
FN:25,(anonymous_2)
FN:38,(anonymous_3)
FN:51,(anonymous_4)
FN:62,doSearch
FN:66,(anonymous_6)
FN:71,(anonymous_7)
FN:78,(anonymous_8)
FN:84,DrinkSearchBar
FN:98,(anonymous_10)
FN:105,(anonymous_11)
FN:113,(anonymous_12)
FNF:13
FNH:11
FNDA:2,checkResults
FNDA:9,renderRadioButtons
FNDA:1,(anonymous_2)
FNDA:1,(anonymous_3)
FNDA:0,(anonymous_4)
FNDA:2,doSearch
FNDA:1,(anonymous_6)
FNDA:1,(anonymous_7)
FNDA:0,(anonymous_8)
FNDA:9,DrinkSearchBar
FNDA:2,(anonymous_10)
FNDA:2,(anonymous_11)
FNDA:59,(anonymous_12)
DA:6,2
DA:7,0
DA:8,2
DA:9,0
DA:10,0
DA:11,2
DA:12,2
DA:17,9
DA:26,1
DA:27,1
DA:39,1
DA:40,1
DA:52,0
DA:53,0
DA:63,2
DA:65,1
DA:66,1
DA:67,1
DA:70,1
DA:71,1
DA:72,1
DA:75,0
DA:76,0
DA:77,0
DA:78,0
DA:85,9
DA:86,9
DA:87,9
DA:88,9
DA:89,9
DA:90,9
DA:92,9
DA:98,2
DA:105,2
DA:114,59
DA:115,24
DA:124,35
LF:37
LH:28
BRDA:6,0,0,0
BRDA:6,0,1,2
BRDA:6,1,0,2
BRDA:6,1,1,2
BRDA:8,2,0,0
BRDA:8,2,1,2
BRDA:11,3,0,2
BRDA:11,3,1,0
BRDA:63,4,0,1
BRDA:63,4,1,1
BRDA:63,4,2,0
BRDA:75,5,0,0
BRDA:75,5,1,0
BRDA:76,6,0,0
BRDA:76,6,1,0
BRDA:114,7,0,24
BRDA:114,7,1,35
BRDA:119,8,0,0
BRDA:119,8,1,24
BRDA:127,9,0,9
BRDA:127,9,1,0
BRF:21
BRH:11
end_of_record
TN:
SF:/Users/fmartins/Trybe/fabemiliano.github.io/projetos/recipe-app/sd-03-recipes-app-04/src/components/ExploreDrinkIngredientScreen.jsx
FN:8,ExploreDrinkIngredientScreen
FN:12,(anonymous_1)
FN:14,(anonymous_2)
FN:22,(anonymous_3)
FN:30,(anonymous_4)
FNF:5
FNH:0
FNDA:0,ExploreDrinkIngredientScreen
FNDA:0,(anonymous_1)
FNDA:0,(anonymous_2)
FNDA:0,(anonymous_3)
FNDA:0,(anonymous_4)
DA:9,0
DA:10,0
DA:12,0
DA:13,0
DA:14,0
DA:17,0
DA:23,0
DA:24,0
DA:30,0
DA:43,0
LF:10
LH:0
BRDA:23,0,0,0
BRDA:23,0,1,0
BRF:2
BRH:0
end_of_record
TN:
SF:/Users/fmartins/Trybe/fabemiliano.github.io/projetos/recipe-app/sd-03-recipes-app-04/src/components/ExploreDrinkScreen.jsx
FN:8,ExploreDrinkScreen
FN:11,(anonymous_1)
FN:13,(anonymous_2)
FNF:3
FNH:0
FNDA:0,ExploreDrinkScreen
FNDA:0,(anonymous_1)
FNDA:0,(anonymous_2)
DA:9,0
DA:11,0
DA:12,0
DA:13,0
DA:15,0
LF:5
LH:0
BRDA:28,0,0,0
BRDA:28,0,1,0
BRF:2
BRH:0
end_of_record
TN:
SF:/Users/fmartins/Trybe/fabemiliano.github.io/projetos/recipe-app/sd-03-recipes-app-04/src/components/ExploreFoodIngredientScreen.jsx
FN:8,ExploreFoodIngredientScreen
FN:12,(anonymous_1)
FN:14,(anonymous_2)
FN:22,(anonymous_3)
FN:30,(anonymous_4)
FNF:5
FNH:4
FNDA:2,ExploreFoodIngredientScreen
FNDA:1,(anonymous_1)
FNDA:1,(anonymous_2)
FNDA:563,(anonymous_3)
FNDA:0,(anonymous_4)
DA:9,2
DA:10,2
DA:12,2
DA:13,1
DA:14,1
DA:17,2
DA:23,563
DA:24,12
DA:30,0
DA:43,551
LF:10
LH:9
BRDA:23,0,0,12
BRDA:23,0,1,551
BRF:2
BRH:2
end_of_record
TN:
SF:/Users/fmartins/Trybe/fabemiliano.github.io/projetos/recipe-app/sd-03-recipes-app-04/src/components/ExploreFoodOriginScreen.jsx
FN:9,MealsList
FN:12,(anonymous_1)
FN:35,renderAreaFilter
FN:40,(anonymous_3)
FN:41,(anonymous_4)
FN:46,(anonymous_5)
FN:59,ShowResultsByArea
FN:63,(anonymous_7)
FN:88,ExploreFoodOriginScreen
FN:99,(anonymous_9)
FN:103,(anonymous_10)
FNF:11
FNH:0
FNDA:0,MealsList
FNDA:0,(anonymous_1)
FNDA:0,renderAreaFilter
FNDA:0,(anonymous_3)
FNDA:0,(anonymous_4)
FNDA:0,(anonymous_5)
FNDA:0,ShowResultsByArea
FNDA:0,(anonymous_7)
FNDA:0,ExploreFoodOriginScreen
FNDA:0,(anonymous_9)
FNDA:0,(anonymous_10)
DA:10,0
DA:13,0
DA:14,0
DA:29,0
DA:36,0
DA:41,0
DA:42,0
DA:47,0
DA:60,0
DA:61,0
DA:64,0
DA:65,0
DA:80,0
DA:85,0
DA:93,0
DA:94,0
DA:95,0
DA:96,0
DA:97,0
DA:99,0
DA:100,0
DA:101,0
DA:102,0
DA:103,0
DA:106,0
LF:25
LH:0
BRDA:13,0,0,0
BRDA:13,0,1,0
BRDA:24,1,0,0
BRDA:24,1,1,0
BRDA:60,2,0,0
BRDA:60,2,1,0
BRDA:64,3,0,0
BRDA:64,3,1,0
BRDA:75,4,0,0
BRDA:75,4,1,0
BRDA:110,5,0,0
BRDA:110,5,1,0
BRDA:111,6,0,0
BRDA:111,6,1,0
BRDA:113,7,0,0
BRDA:113,7,1,0
BRF:16
BRH:0
end_of_record
TN:
SF:/Users/fmartins/Trybe/fabemiliano.github.io/projetos/recipe-app/sd-03-recipes-app-04/src/components/ExploreFoodScreen.jsx
FN:8,ExploreFoodScreen
FN:11,(anonymous_1)
FN:13,(anonymous_2)
FNF:3
FNH:1
FNDA:1,ExploreFoodScreen
FNDA:0,(anonymous_1)
FNDA:0,(anonymous_2)
DA:9,1
DA:11,1
DA:12,0
DA:13,0
DA:16,1
LF:5
LH:3
BRDA:36,0,0,1
BRDA:36,0,1,0
BRF:2
BRH:1
end_of_record
TN:
SF:/Users/fmartins/Trybe/fabemiliano.github.io/projetos/recipe-app/sd-03-recipes-app-04/src/components/ExploreHomeScreen.jsx
FN:7,ExploreHomeScreen
FNF:1
FNH:1
FNDA:1,ExploreHomeScreen
DA:8,1
LF:1
LH:1
BRF:0
BRH:0
end_of_record
TN:
SF:/Users/fmartins/Trybe/fabemiliano.github.io/projetos/recipe-app/sd-03-recipes-app-04/src/components/FavoriteRecipes.jsx
FN:13,copyToClipboard
FN:15,(anonymous_1)
FN:17,(anonymous_2)
FN:23,getColors
FN:28,updateStorage
FN:30,(anonymous_5)
FN:35,filterBy
FN:38,(anonymous_7)
FN:41,getFavorites
FN:47,renderfilterButtons
FN:53,(anonymous_10)
FN:62,(anonymous_11)
FN:71,(anonymous_12)
FN:81,FavoriteRecipes
FN:84,(anonymous_14)
FN:94,(anonymous_15)
FN:105,(anonymous_16)
FN:110,(anonymous_17)
FNF:18
FNH:0
FNDA:0,copyToClipboard
FNDA:0,(anonymous_1)
FNDA:0,(anonymous_2)
FNDA:0,getColors
FNDA:0,updateStorage
FNDA:0,(anonymous_5)
FNDA:0,filterBy
FNDA:0,(anonymous_7)
FNDA:0,getFavorites
FNDA:0,renderfilterButtons
FNDA:0,(anonymous_10)
FNDA:0,(anonymous_11)
FNDA:0,(anonymous_12)
FNDA:0,FavoriteRecipes
FNDA:0,(anonymous_14)
FNDA:0,(anonymous_15)
FNDA:0,(anonymous_16)
FNDA:0,(anonymous_17)
DA:11,1
DA:14,0
DA:16,0
DA:17,0
DA:18,0
DA:24,0
DA:25,0
DA:29,0
DA:30,0
DA:31,0
DA:32,0
DA:36,0
DA:37,0
DA:38,0
DA:42,0
DA:43,0
DA:44,0
DA:48,0
DA:53,0
DA:62,0
DA:71,0
DA:82,0
DA:83,0
DA:84,0
DA:85,0
DA:87,0
DA:96,0
DA:105,0
DA:110,0
LF:29
LH:1
BRDA:37,0,0,0
BRDA:37,0,1,0
BRDA:43,1,0,0
BRDA:43,1,1,0
BRDA:100,2,0,0
BRDA:100,2,1,0
BRF:6
BRH:0
end_of_record
TN:
SF:/Users/fmartins/Trybe/fabemiliano.github.io/projetos/recipe-app/sd-03-recipes-app-04/src/components/FoodBasicInfo.jsx
FN:7,renderRcomendations
FN:12,(anonymous_1)
FN:34,BasicInfo
FN:36,(anonymous_3)
FN:37,(anonymous_4)
FN:48,(anonymous_5)
FNF:6
FNH:6
FNDA:6,renderRcomendations
FNDA:100,(anonymous_1)
FNDA:6,BasicInfo
FNDA:102,(anonymous_3)
FNDA:102,(anonymous_4)
FNDA:40,(anonymous_5)
DA:8,6
DA:13,100
DA:14,24
DA:27,76
DA:35,6
DA:36,102
DA:37,102
DA:38,6
DA:49,40
DA:50,26
DA:56,14
LF:11
LH:11
BRDA:13,0,0,24
BRDA:13,0,1,76
BRDA:49,1,0,26
BRDA:49,1,1,14
BRF:4
BRH:4
end_of_record
TN:
SF:/Users/fmartins/Trybe/fabemiliano.github.io/projetos/recipe-app/sd-03-recipes-app-04/src/components/FoodButtons.jsx
FN:8,copyToClipboard
FN:11,(anonymous_1)
FN:16,getDoneLocalStorage
FN:22,(anonymous_3)
FN:27,getStartedLocalStorage
FN:33,(anonymous_5)
FN:38,getIfHasBeenFavorited
FN:41,(anonymous_7)
FN:47,clickFavorite
FN:48,(anonymous_9)
FN:70,(anonymous_10)
FN:75,renderFavoriteButton
FN:81,(anonymous_12)
FN:93,renderShareButton
FN:98,(anonymous_14)
FN:107,Buttons
FN:112,(anonymous_16)
FN:123,(anonymous_17)
FN:134,(anonymous_18)
FNF:19
FNH:14
FNDA:2,copyToClipboard
FNDA:0,(anonymous_1)
FNDA:18,getDoneLocalStorage
FNDA:0,(anonymous_3)
FNDA:18,getStartedLocalStorage
FNDA:0,(anonymous_5)
FNDA:22,getIfHasBeenFavorited
FNDA:17,(anonymous_7)
FNDA:1,clickFavorite
FNDA:1,(anonymous_9)
FNDA:0,(anonymous_10)
FNDA:9,renderFavoriteButton
FNDA:1,(anonymous_12)
FNDA:9,renderShareButton
FNDA:1,(anonymous_14)
FNDA:9,Buttons
FNDA:2,(anonymous_16)
FNDA:1,(anonymous_17)
FNDA:0,(anonymous_18)
DA:9,2
DA:10,2
DA:11,2
DA:12,0
DA:17,18
DA:19,18
DA:20,18
DA:22,0
DA:24,18
DA:28,18
DA:30,18
DA:31,18
DA:33,0
DA:35,18
DA:39,22
DA:40,22
DA:41,17
DA:42,14
DA:44,8
DA:48,1
DA:51,1
DA:52,1
DA:61,1
DA:62,1
DA:63,1
DA:65,1
DA:66,1
DA:67,1
DA:69,1
DA:70,0
DA:71,0
DA:76,9
DA:81,1
DA:94,9
DA:98,1
DA:108,9
DA:109,9
DA:110,9
DA:111,9
DA:112,9
DA:113,2
DA:116,9
DA:123,1
DA:134,0
LF:44
LH:38
BRDA:19,0,0,18
BRDA:19,0,1,0
BRDA:30,1,0,18
BRDA:30,1,1,0
BRDA:30,2,0,18
BRDA:30,2,1,0
BRDA:40,3,0,14
BRDA:40,3,1,8
BRDA:62,4,0,1
BRDA:62,4,1,0
BRDA:65,5,0,1
BRDA:65,5,1,0
BRDA:69,6,0,0
BRDA:69,6,1,1
BRDA:84,7,0,3
BRDA:84,7,1,6
BRDA:88,8,0,9
BRDA:88,8,1,1
BRDA:113,9,0,0
BRDA:113,9,1,2
BRDA:119,10,0,9
BRDA:119,10,1,9
BRDA:119,10,2,9
BRDA:129,11,0,9
BRDA:129,11,1,0
BRDA:129,11,2,0
BRDA:141,12,0,9
BRDA:141,12,1,1
BRF:28
BRH:19
end_of_record
TN:
SF:/Users/fmartins/Trybe/fabemiliano.github.io/projetos/recipe-app/sd-03-recipes-app-04/src/components/FoodSearchBar.jsx
FN:6,checkResults
FN:17,renderRadioButtons
FN:26,(anonymous_2)
FN:39,(anonymous_3)
FN:52,(anonymous_4)
FN:63,doSearch
FN:67,(anonymous_6)
FN:72,(anonymous_7)
FN:79,(anonymous_8)
FN:85,FoodSearchBar
FN:100,(anonymous_10)
FN:106,(anonymous_11)
FN:115,(anonymous_12)
FNF:13
FNH:11
FNDA:2,checkResults
FNDA:9,renderRadioButtons
FNDA:1,(anonymous_2)
FNDA:1,(anonymous_3)
FNDA:0,(anonymous_4)
FNDA:2,doSearch
FNDA:1,(anonymous_6)
FNDA:1,(anonymous_7)
FNDA:0,(anonymous_8)
FNDA:9,FoodSearchBar
FNDA:2,(anonymous_10)
FNDA:2,(anonymous_11)
FNDA:20,(anonymous_12)
DA:7,2
DA:8,0
DA:9,2
DA:10,0
DA:11,0
DA:12,2
DA:13,2
DA:18,9
DA:27,1
DA:28,1
DA:40,1
DA:41,1
DA:53,0
DA:54,0
DA:64,2
DA:66,1
DA:67,1
DA:68,1
DA:71,1
DA:72,1
DA:73,1
DA:76,0
DA:77,0
DA:78,0
DA:79,0
DA:86,9
DA:87,9
DA:88,9
DA:89,9
DA:90,9
DA:91,9
DA:93,9
DA:100,2
DA:106,2
DA:116,20
DA:117,20
DA:126,0
LF:37
LH:27
BRDA:7,0,0,0
BRDA:7,0,1,2
BRDA:9,1,0,0
BRDA:9,1,1,2
BRDA:12,2,0,2
BRDA:12,2,1,0
BRDA:64,3,0,1
BRDA:64,3,1,1
BRDA:64,3,2,0
BRDA:76,4,0,0
BRDA:76,4,1,0
BRDA:77,5,0,0
BRDA:77,5,1,0
BRDA:116,6,0,20
BRDA:116,6,1,0
BRDA:121,7,0,0
BRDA:121,7,1,20
BRDA:129,8,0,9
BRDA:129,8,1,0
BRF:19
BRH:8
end_of_record
TN:
SF:/Users/fmartins/Trybe/fabemiliano.github.io/projetos/recipe-app/sd-03-recipes-app-04/src/components/Header.jsx
FN:11,Header
FN:30,(anonymous_1)
FNF:2
FNH:2
FNDA:76,Header
FNDA:8,(anonymous_1)
DA:12,76
DA:13,76
DA:14,76
DA:30,8
DA:51,4
LF:5
LH:5
BRDA:28,0,0,76
BRDA:28,0,1,40
BRDA:28,0,2,4
BRDA:28,0,3,72
BRDA:39,1,0,76
BRDA:39,1,1,40
BRDA:39,1,2,4
BRDA:39,1,3,4
BRDA:43,2,0,76
BRDA:43,2,1,6
BRDA:43,2,2,3
BRDA:44,3,0,76
BRDA:44,3,1,6
BRDA:44,3,2,3
BRF:14
BRH:14
end_of_record
TN:
SF:/Users/fmartins/Trybe/fabemiliano.github.io/projetos/recipe-app/sd-03-recipes-app-04/src/components/InferiorMenu.jsx
FN:8,InferiorMenu
FNF:1
FNH:1
FNDA:76,InferiorMenu
DA:9,76
LF:1
LH:1
BRF:0
BRH:0
end_of_record
TN:
SF:/Users/fmartins/Trybe/fabemiliano.github.io/projetos/recipe-app/sd-03-recipes-app-04/src/components/LoginScreen.jsx
FN:7,(anonymous_0)
FN:11,(anonymous_1)
FN:20,createForm
FN:27,(anonymous_3)
FN:35,(anonymous_4)
FN:45,LoginScreen
FN:51,(anonymous_6)
FN:69,(anonymous_7)
FNF:8
FNH:5
FNDA:2,(anonymous_0)
FNDA:0,(anonymous_1)
FNDA:8,createForm
FNDA:2,(anonymous_3)
FNDA:0,(anonymous_4)
FNDA:8,LoginScreen
FNDA:6,(anonymous_6)
FNDA:0,(anonymous_7)
DA:7,2
DA:8,2
DA:11,2
DA:12,0
DA:13,0
DA:14,0
DA:15,0
DA:17,0
DA:21,8
DA:27,2
DA:35,0
DA:46,8
DA:47,8
DA:48,8
DA:49,8
DA:51,8
DA:52,6
DA:54,6
DA:55,6
DA:57,0
DA:60,8
DA:69,0
LF:22
LH:14
BRDA:54,0,0,6
BRDA:54,0,1,0
BRDA:54,1,0,6
BRDA:54,1,1,2
BRF:4
BRH:3
end_of_record
TN:
SF:/Users/fmartins/Trybe/fabemiliano.github.io/projetos/recipe-app/sd-03-recipes-app-04/src/components/MainDrinkScreen.jsx
FN:16,FilterButtons
FN:28,(anonymous_1)
FN:49,DrinksList
FN:52,(anonymous_3)
FN:72,MainFoodScreen
FN:84,(anonymous_5)
FN:88,(anonymous_6)
FN:90,(anonymous_7)
FN:95,(anonymous_8)
FN:100,(anonymous_9)
FN:104,(anonymous_10)
FNF:11
FNH:11
FNDA:41,FilterButtons
FNDA:187,(anonymous_1)
FNDA:41,DrinksList
FNDA:925,(anonymous_3)
FNDA:44,MainFoodScreen
FNDA:8,(anonymous_5)
FNDA:8,(anonymous_6)
FNDA:8,(anonymous_7)
FNDA:12,(anonymous_8)
FNDA:3,(anonymous_9)
FNDA:4,(anonymous_10)
DA:14,2
DA:17,41
DA:29,187
DA:30,85
DA:43,102
DA:50,41
DA:53,925
DA:54,300
DA:66,625
DA:79,44
DA:80,44
DA:81,44
DA:82,44
DA:84,44
DA:85,8
DA:86,8
DA:87,8
DA:88,8
DA:89,8
DA:90,8
DA:91,8
DA:95,44
DA:96,12
DA:97,9
DA:99,3
DA:100,3
DA:104,44
DA:105,4
DA:106,3
DA:108,1
DA:112,44
LF:31
LH:31
BRDA:29,0,0,85
BRDA:29,0,1,102
BRDA:53,1,0,300
BRDA:53,1,1,625
BRDA:96,2,0,9
BRDA:96,2,1,3
BRDA:105,3,0,3
BRDA:105,3,1,1
BRDA:115,4,0,44
BRDA:115,4,1,0
BRDA:116,5,0,44
BRDA:116,5,1,44
BRDA:116,5,2,41
BRDA:117,6,0,44
BRDA:117,6,1,44
BRDA:117,6,2,41
BRF:16
BRH:15
end_of_record
TN:
SF:/Users/fmartins/Trybe/fabemiliano.github.io/projetos/recipe-app/sd-03-recipes-app-04/src/components/MainFoodScreen.jsx
FN:16,FilterButtons
FN:28,(anonymous_1)
FN:49,MealsList
FN:52,(anonymous_3)
FN:72,MainFoodScreen
FN:84,(anonymous_5)
FN:88,(anonymous_6)
FN:90,(anonymous_7)
FN:95,(anonymous_8)
FN:100,(anonymous_9)
FN:104,(anonymous_10)
FNF:11
FNH:11
FNDA:41,FilterButtons
FNDA:238,(anonymous_1)
FNDA:41,MealsList
FNDA:535,(anonymous_3)
FNDA:44,MainFoodScreen
FNDA:8,(anonymous_5)
FNDA:8,(anonymous_6)
FNDA:8,(anonymous_7)
FNDA:12,(anonymous_8)
FNDA:3,(anonymous_9)
FNDA:4,(anonymous_10)
DA:14,2
DA:17,41
DA:29,238
DA:30,85
DA:43,153
DA:50,41
DA:53,535
DA:54,262
DA:66,273
DA:79,44
DA:80,44
DA:81,44
DA:82,44
DA:84,44
DA:85,8
DA:86,8
DA:87,8
DA:88,8
DA:89,8
DA:90,8
DA:91,8
DA:95,44
DA:96,12
DA:97,9
DA:99,3
DA:100,3
DA:104,44
DA:105,4
DA:106,3
DA:108,1
DA:112,44
LF:31
LH:31
BRDA:29,0,0,85
BRDA:29,0,1,153
BRDA:53,1,0,262
BRDA:53,1,1,273
BRDA:96,2,0,9
BRDA:96,2,1,3
BRDA:105,3,0,3
BRDA:105,3,1,1
BRDA:115,4,0,44
BRDA:115,4,1,0
BRDA:116,5,0,44
BRDA:116,5,1,44
BRDA:116,5,2,41
BRDA:117,6,0,44
BRDA:117,6,1,44
BRDA:117,6,2,41
BRF:16
BRH:15
end_of_record
TN:
SF:/Users/fmartins/Trybe/fabemiliano.github.io/projetos/recipe-app/sd-03-recipes-app-04/src/components/NotFound.jsx
FN:3,NotFound
FNF:1
FNH:0
FNDA:0,NotFound
DA:4,0
LF:1
LH:0
BRF:0
BRH:0
end_of_record
TN:
SF:/Users/fmartins/Trybe/fabemiliano.github.io/projetos/recipe-app/sd-03-recipes-app-04/src/components/ProfileScreen.jsx
FN:7,ProfileScreen
FN:21,(anonymous_1)
FNF:2
FNH:0
FNDA:0,ProfileScreen
FNDA:0,(anonymous_1)
DA:8,0
DA:9,0
DA:21,0
LF:3
LH:0
BRDA:8,0,0,0
BRDA:8,0,1,0
BRF:2
BRH:0
end_of_record
TN:
SF:/Users/fmartins/Trybe/fabemiliano.github.io/projetos/recipe-app/sd-03-recipes-app-04/src/components/ProgressDrinkScreen.jsx
FN:8,getLocalStorage
FN:37,ProgressDrinkScreen
FN:50,(anonymous_2)
FN:51,(anonymous_3)
FNF:4
FNH:0
FNDA:0,getLocalStorage
FNDA:0,ProgressDrinkScreen
FNDA:0,(anonymous_2)
FNDA:0,(anonymous_3)
DA:9,0
DA:11,0
DA:12,0
DA:17,0
DA:18,0
DA:19,0
DA:23,0
DA:24,0
DA:26,0
DA:27,0
DA:31,0
DA:32,0
DA:35,0
DA:38,0
DA:39,0
DA:40,0
DA:41,0
DA:42,0
DA:44,0
DA:46,0
DA:48,0
DA:50,0
DA:51,0
DA:52,0
DA:54,0
DA:57,0
DA:58,0
DA:59,0
DA:60,0
DA:62,0
DA:84,1
LF:31
LH:1
BRDA:11,0,0,0
BRDA:11,0,1,0
BRDA:17,1,0,0
BRDA:17,1,1,0
BRDA:54,2,0,0
BRDA:54,2,1,0
BRF:6
BRH:0
end_of_record
TN:
SF:/Users/fmartins/Trybe/fabemiliano.github.io/projetos/recipe-app/sd-03-recipes-app-04/src/components/ProgressFoodScreen.jsx
FN:8,getLocalStorage
FN:29,ProgressFoodScreen
FN:44,(anonymous_2)
FN:46,(anonymous_3)
FNF:4
FNH:0
FNDA:0,getLocalStorage
FNDA:0,ProgressFoodScreen
FNDA:0,(anonymous_2)
FNDA:0,(anonymous_3)
DA:9,0
DA:10,0
DA:11,0
DA:16,0
DA:17,0
DA:18,0
DA:19,0
DA:20,0
DA:22,0
DA:23,0
DA:24,0
DA:25,0
DA:27,0
DA:30,0
DA:32,0
DA:33,0
DA:34,0
DA:36,0
DA:37,0
DA:38,0
DA:39,0
DA:40,0
DA:42,0
DA:44,0
DA:45,0
DA:46,0
DA:47,0
DA:50,0
DA:51,0
DA:52,0
DA:53,0
DA:75,1
LF:32
LH:1
BRDA:10,0,0,0
BRDA:10,0,1,0
BRDA:16,1,0,0
BRDA:16,1,1,0
BRDA:47,2,0,0
BRDA:47,2,1,0
BRF:6
BRH:0
end_of_record
TN:
SF:/Users/fmartins/Trybe/fabemiliano.github.io/projetos/recipe-app/sd-03-recipes-app-04/src/components/WelcomeScreen.jsx
FN:5,WelcomeScreen
FN:8,(anonymous_1)
FN:9,(anonymous_2)
FNF:3
FNH:0
FNDA:0,WelcomeScreen
FNDA:0,(anonymous_1)
FNDA:0,(anonymous_2)
DA:6,0
DA:8,0
DA:9,0
DA:12,0
LF:4
LH:0
BRDA:17,0,0,0
BRDA:17,0,1,0
BRF:2
BRH:0
end_of_record
TN:
SF:/Users/fmartins/Trybe/fabemiliano.github.io/projetos/recipe-app/sd-03-recipes-app-04/src/components/checklist.js
FNF:0
FNH:0
DA:1,1
DA:27,1
LF:2
LH:2
BRF:0
BRH:0
end_of_record
TN:
SF:/Users/fmartins/Trybe/fabemiliano.github.io/projetos/recipe-app/sd-03-recipes-app-04/src/components/functionsProgressScreen.js
FN:1,clickFavorite
FN:37,(anonymous_1)
FN:42,copyContent
FN:46,(anonymous_3)
FN:50,(anonymous_4)
FN:55,mountRecipeList
FN:56,(anonymous_6)
FN:57,(anonymous_7)
FN:58,(anonymous_8)
FN:70,getIfHasBeenFavorited
FN:73,(anonymous_10)
FNF:11
FNH:0
FNDA:0,clickFavorite
FNDA:0,(anonymous_1)
FNDA:0,copyContent
FNDA:0,(anonymous_3)
FNDA:0,(anonymous_4)
FNDA:0,mountRecipeList
FNDA:0,(anonymous_6)
FNDA:0,(anonymous_7)
FNDA:0,(anonymous_8)
FNDA:0,getIfHasBeenFavorited
FNDA:0,(anonymous_10)
DA:2,0
DA:5,0
DA:8,0
DA:9,0
DA:28,0
DA:29,0
DA:30,0
DA:32,0
DA:33,0
DA:34,0
DA:36,0
DA:37,0
DA:38,0
DA:43,0
DA:44,0
DA:45,0
DA:47,0
DA:48,0
DA:51,0
DA:56,0
DA:57,0
DA:58,0
DA:67,0
DA:71,0
DA:72,0
DA:73,0
DA:74,0
DA:76,0
LF:28
LH:0
BRDA:9,0,0,0
BRDA:9,0,1,0
BRDA:29,1,0,0
BRDA:29,1,1,0
BRDA:32,2,0,0
BRDA:32,2,1,0
BRDA:36,3,0,0
BRDA:36,3,1,0
BRDA:58,4,0,0
BRDA:58,4,1,0
BRDA:58,5,0,0
BRDA:58,5,1,0
BRDA:72,6,0,0
BRDA:72,6,1,0
BRF:14
BRH:0
end_of_record
TN:
SF:/Users/fmartins/Trybe/fabemiliano.github.io/projetos/recipe-app/sd-03-recipes-app-04/src/components/helpersComponents/CockTailsControlsRecipeProgress.jsx
FN:5,getDate
FN:14,handleChecked
FN:18,(anonymous_2)
FN:32,(anonymous_3)
FN:46,doneRecipe
FN:73,(anonymous_5)
FN:86,CockTailsControlsRecipeProgress
FN:97,(anonymous_7)
FN:105,(anonymous_8)
FN:122,(anonymous_9)
FNF:10
FNH:0
FNDA:0,getDate
FNDA:0,handleChecked
FNDA:0,(anonymous_2)
FNDA:0,(anonymous_3)
FNDA:0,doneRecipe
FNDA:0,(anonymous_5)
FNDA:0,CockTailsControlsRecipeProgress
FNDA:0,(anonymous_7)
FNDA:0,(anonymous_8)
FNDA:0,(anonymous_9)
DA:6,0
DA:7,0
DA:8,0
DA:9,0
DA:10,0
DA:11,0
DA:17,0
DA:18,0
DA:19,0
DA:20,0
DA:21,0
DA:22,0
DA:23,0
DA:25,0
DA:28,0
DA:29,0
DA:32,0
DA:39,0
DA:43,0
DA:49,0
DA:50,0
DA:61,0
DA:62,0
DA:63,0
DA:64,0
DA:65,0
DA:67,0
DA:68,0
DA:70,0
DA:73,1
DA:74,0
DA:87,0
DA:91,0
DA:92,0
DA:98,0
DA:105,0
DA:122,0
DA:133,1
LF:38
LH:2
BRDA:19,0,0,0
BRDA:19,0,1,0
BRDA:21,1,0,0
BRDA:21,1,1,0
BRDA:22,2,0,0
BRDA:22,2,1,0
BRDA:28,3,0,0
BRDA:28,3,1,0
BRDA:59,4,0,0
BRDA:59,4,1,0
BRDA:62,5,0,0
BRDA:62,5,1,0
BRDA:116,6,0,0
BRDA:116,6,1,0
BRDA:129,7,0,0
BRDA:129,7,1,0
BRF:16
BRH:0
end_of_record
TN:
SF:/Users/fmartins/Trybe/fabemiliano.github.io/projetos/recipe-app/sd-03-recipes-app-04/src/components/helpersComponents/CockTailsListRecipeProgress.jsx
FN:8,CockTailsListRecipeProgress
FN:21,(anonymous_1)
FNF:2
FNH:0
FNDA:0,CockTailsListRecipeProgress
FNDA:0,(anonymous_1)
DA:9,0
DA:15,0
DA:16,0
DA:21,0
DA:34,1
LF:5
LH:1
BRDA:24,0,0,0
BRDA:24,0,1,0
BRF:2
BRH:0
end_of_record
TN:
SF:/Users/fmartins/Trybe/fabemiliano.github.io/projetos/recipe-app/sd-03-recipes-app-04/src/components/helpersComponents/CockTailsRenderRecipesInProgress.jsx
FN:8,CocktailsRenderRecipesInProgress
FN:28,(anonymous_1)
FNF:2
FNH:0
FNDA:0,CocktailsRenderRecipesInProgress
FNDA:0,(anonymous_1)
DA:9,0
DA:15,0
DA:16,0
DA:28,0
DA:39,1
LF:5
LH:1
BRDA:24,0,0,0
BRDA:24,0,1,0
BRF:2
BRH:0
end_of_record
TN:
SF:/Users/fmartins/Trybe/fabemiliano.github.io/projetos/recipe-app/sd-03-recipes-app-04/src/components/helpersComponents/CockTailsfunctionsProgressScreen.js
FN:1,clickFavorite
FN:24,(anonymous_1)
FN:29,mountRecipeList
FN:30,(anonymous_3)
FN:31,(anonymous_4)
FN:32,(anonymous_5)
FNF:6
FNH:0
FNDA:0,clickFavorite
FNDA:0,(anonymous_1)
FNDA:0,mountRecipeList
FNDA:0,(anonymous_3)
FNDA:0,(anonymous_4)
FNDA:0,(anonymous_5)
DA:2,0
DA:5,0
DA:6,0
DA:15,0
DA:16,0
DA:17,0
DA:19,0
DA:20,0
DA:21,0
DA:23,0
DA:24,0
DA:25,0
DA:30,0
DA:31,0
DA:32,0
DA:41,0
LF:16
LH:0
BRDA:16,0,0,0
BRDA:16,0,1,0
BRDA:19,1,0,0
BRDA:19,1,1,0
BRDA:23,2,0,0
BRDA:23,2,1,0
BRDA:32,3,0,0
BRDA:32,3,1,0
BRDA:32,4,0,0
BRDA:32,4,1,0
BRF:10
BRH:0
end_of_record
TN:
SF:/Users/fmartins/Trybe/fabemiliano.github.io/projetos/recipe-app/sd-03-recipes-app-04/src/components/helpersComponents/MealListRecipeProgress.jsx
FN:8,MealsListRecipeProgress
FN:21,(anonymous_1)
FNF:2
FNH:0
FNDA:0,MealsListRecipeProgress
FNDA:0,(anonymous_1)
DA:9,0
DA:15,0
DA:16,0
DA:21,0
DA:34,1
LF:5
LH:1
BRDA:24,0,0,0
BRDA:24,0,1,0
BRF:2
BRH:0
end_of_record
TN:
SF:/Users/fmartins/Trybe/fabemiliano.github.io/projetos/recipe-app/sd-03-recipes-app-04/src/components/helpersComponents/MealsControlsRecipeProgress.jsx
FN:6,handleChecked
FN:10,(anonymous_1)
FN:24,(anonymous_2)
FN:38,doneRecipe
FN:65,(anonymous_4)
FN:71,(anonymous_5)
FN:79,MealsControlsRecipeProgress
FN:91,(anonymous_7)
FN:95,(anonymous_8)
FNF:9
FNH:0
FNDA:0,handleChecked
FNDA:0,(anonymous_1)
FNDA:0,(anonymous_2)
FNDA:0,doneRecipe
FNDA:0,(anonymous_4)
FNDA:0,(anonymous_5)
FNDA:0,MealsControlsRecipeProgress
FNDA:0,(anonymous_7)
FNDA:0,(anonymous_8)
DA:9,0
DA:10,0
DA:11,0
DA:12,0
DA:13,0
DA:14,0
DA:15,0
DA:17,0
DA:20,0
DA:21,0
DA:24,0
DA:31,0
DA:35,0
DA:41,0
DA:42,0
DA:53,0
DA:54,0
DA:55,0
DA:56,0
DA:57,0
DA:59,0
DA:60,0
DA:62,0
DA:65,1
DA:66,0
DA:71,0
DA:80,0
DA:81,0
DA:85,0
DA:86,0
DA:92,0
DA:95,0
DA:128,1
LF:33
LH:2
BRDA:11,0,0,0
BRDA:11,0,1,0
BRDA:13,1,0,0
BRDA:13,1,1,0
BRDA:14,2,0,0
BRDA:14,2,1,0
BRDA:20,3,0,0
BRDA:20,3,1,0
BRDA:51,4,0,0
BRDA:51,4,1,0
BRDA:54,5,0,0
BRDA:54,5,1,0
BRDA:106,6,0,0
BRDA:106,6,1,0
BRDA:121,7,0,0
BRDA:121,7,1,0
BRF:16
BRH:0
end_of_record
TN:
SF:/Users/fmartins/Trybe/fabemiliano.github.io/projetos/recipe-app/sd-03-recipes-app-04/src/components/helpersComponents/MealsRenderRecipesInProgress.jsx
FN:8,MealsRenderRecipesInProgress
FN:28,(anonymous_1)
FNF:2
FNH:0
FNDA:0,MealsRenderRecipesInProgress
FNDA:0,(anonymous_1)
DA:9,0
DA:15,0
DA:16,0
DA:28,0
DA:39,1
LF:5
LH:1
BRDA:24,0,0,0
BRDA:24,0,1,0
BRF:2
BRH:0
end_of_record
TN:
SF:/Users/fmartins/Trybe/fabemiliano.github.io/projetos/recipe-app/sd-03-recipes-app-04/src/components/helpersComponents/MealsfunctionsProgressScreen.js
FN:1,clickFavorite
FN:41,(anonymous_1)
FN:46,mountRecipeList
FN:48,(anonymous_3)
FNF:4
FNH:0
FNDA:0,clickFavorite
FNDA:0,(anonymous_1)
FNDA:0,mountRecipeList
FNDA:0,(anonymous_3)
DA:2,0
DA:4,0
DA:7,0
DA:8,0
DA:17,0
DA:20,0
DA:21,0
DA:32,0
DA:33,0
DA:34,0
DA:36,0
DA:37,0
DA:38,0
DA:40,0
DA:41,0
DA:42,0
DA:48,0
DA:57,0
LF:18
LH:0
BRDA:4,0,0,0
BRDA:4,0,1,0
BRDA:17,1,0,0
BRDA:17,1,1,0
BRDA:33,2,0,0
BRDA:33,2,1,0
BRDA:36,3,0,0
BRDA:36,3,1,0
BRDA:40,4,0,0
BRDA:40,4,1,0
BRDA:48,5,0,0
BRDA:48,5,1,0
BRDA:48,6,0,0
BRDA:48,6,1,0
BRF:14
BRH:0
end_of_record
TN:
SF:/Users/fmartins/Trybe/fabemiliano.github.io/projetos/recipe-app/sd-03-recipes-app-04/src/context/ContextAplication.jsx
FN:10,(anonymous_0)
FN:19,(anonymous_1)
FN:27,(anonymous_2)
FN:31,(anonymous_3)
FN:35,(anonymous_4)
FN:39,(anonymous_5)
FN:43,(anonymous_6)
FN:47,(anonymous_7)
FN:51,(anonymous_8)
FN:55,(anonymous_9)
FN:57,(anonymous_10)
FN:60,(anonymous_11)
FN:63,(anonymous_12)
FN:65,(anonymous_13)
FN:68,(anonymous_14)
FNF:15
FNH:12
FNDA:72,(anonymous_0)
FNDA:0,(anonymous_1)
FNDA:8,(anonymous_2)
FNDA:17,(anonymous_3)
FNDA:17,(anonymous_4)
FNDA:0,(anonymous_5)
FNDA:17,(anonymous_6)
FNDA:17,(anonymous_7)
FNDA:0,(anonymous_8)
FNDA:2,(anonymous_9)
FNDA:2,(anonymous_10)
FNDA:2,(anonymous_11)
FNDA:2,(anonymous_12)
FNDA:2,(anonymous_13)
FNDA:2,(anonymous_14)
DA:6,6
DA:8,6
DA:10,6
DA:11,72
DA:12,72
DA:13,72
DA:14,72
DA:15,72
DA:16,72
DA:17,72
DA:19,72
DA:20,0
DA:24,0
DA:27,72
DA:28,8
DA:31,72
DA:32,17
DA:34,17
DA:35,17
DA:36,17
DA:38,0
DA:39,0
DA:43,72
DA:44,17
DA:46,17
DA:47,17
DA:48,17
DA:50,0
DA:51,0
DA:55,72
DA:56,2
DA:57,2
DA:58,2
DA:60,2
DA:63,72
DA:64,2
DA:65,2
DA:66,2
DA:68,2
DA:71,72
DA:89,72
DA:96,6
LF:42
LH:36
BRDA:32,0,0,17
BRDA:32,0,1,0
BRDA:44,1,0,17
BRDA:44,1,1,0
BRF:4
BRH:2
end_of_record
TN:
SF:/Users/fmartins/Trybe/fabemiliano.github.io/projetos/recipe-app/sd-03-recipes-app-04/src/services/drink-api.js
FN:1,getFirstDrinks
FN:3,(anonymous_1)
FN:6,getListDrinksCategories
FN:8,(anonymous_3)
FN:11,getDrinkByCategories
FN:13,(anonymous_5)
FN:14,(anonymous_6)
FN:20,getRandomDrink
FN:22,(anonymous_8)
FN:25,getDrinksByIngredient
FN:27,(anonymous_10)
FN:28,(anonymous_11)
FN:31,getDrinksByName
FN:33,(anonymous_13)
FN:36,getDrinksByLetter
FN:38,(anonymous_15)
FN:41,getDrinkByID
FN:43,(anonymous_17)
FN:46,getIngredientsList
FN:48,(anonymous_19)
FNF:20
FNH:12
FNDA:19,getFirstDrinks
FNDA:19,(anonymous_1)
FNDA:8,getListDrinksCategories
FNDA:8,(anonymous_3)
FNDA:3,getDrinkByCategories
FNDA:3,(anonymous_5)
FNDA:0,(anonymous_6)
FNDA:0,getRandomDrink
FNDA:0,(anonymous_8)
FNDA:1,getDrinksByIngredient
FNDA:1,(anonymous_10)
FNDA:0,(anonymous_11)
FNDA:1,getDrinksByName
FNDA:1,(anonymous_13)
FNDA:0,getDrinksByLetter
FNDA:0,(anonymous_15)
FNDA:2,getDrinkByID
FNDA:2,(anonymous_17)
FNDA:0,getIngredientsList
FNDA:0,(anonymous_19)
DA:2,19
DA:3,19
DA:7,8
DA:8,8
DA:12,3
DA:13,3
DA:15,0
DA:16,0
DA:21,0
DA:22,0
DA:26,1
DA:27,1
DA:28,0
DA:32,1
DA:33,1
DA:37,0
DA:38,0
DA:42,2
DA:43,2
DA:47,0
DA:48,0
LF:21
LH:12
BRF:0
BRH:0
end_of_record
TN:
SF:/Users/fmartins/Trybe/fabemiliano.github.io/projetos/recipe-app/sd-03-recipes-app-04/src/services/foodApi.js
FN:1,(anonymous_0)
FN:7,(anonymous_1)
FN:17,(anonymous_2)
FN:23,(anonymous_3)
FN:29,(anonymous_4)
FN:35,(anonymous_5)
FN:41,(anonymous_6)
FN:47,(anonymous_7)
FN:53,(anonymous_8)
FN:59,(anonymous_9)
FN:65,(anonymous_10)
FNF:11
FNH:7
FNDA:1,(anonymous_0)
FNDA:3,(anonymous_1)
FNDA:0,(anonymous_2)
FNDA:1,(anonymous_3)
FNDA:0,(anonymous_4)
FNDA:19,(anonymous_5)
FNDA:2,(anonymous_6)
FNDA:0,(anonymous_7)
FNDA:8,(anonymous_8)
FNDA:1,(anonymous_9)
FNDA:0,(anonymous_10)
DA:1,6
DA:2,1
DA:3,1
DA:4,1
DA:7,6
DA:8,3
DA:9,3
DA:10,3
DA:11,0
DA:12,0
DA:14,3
DA:17,6
DA:18,0
DA:19,0
DA:20,0
DA:23,6
DA:24,1
DA:25,1
DA:26,1
DA:29,6
DA:30,0
DA:31,0
DA:32,0
DA:35,6
DA:36,19
DA:37,19
DA:38,19
DA:41,6
DA:42,2
DA:43,2
DA:44,2
DA:47,6
DA:48,0
DA:49,0
DA:50,0
DA:53,6
DA:54,8
DA:55,8
DA:56,8
DA:59,6
DA:60,1
DA:61,1
DA:62,1
DA:65,6
DA:66,0
DA:67,0
DA:68,0
LF:47
LH:33
BRDA:10,0,0,0
BRDA:10,0,1,3
BRF:2
BRH:1
end_of_record
TN:
SF:/Users/fmartins/Trybe/fabemiliano.github.io/projetos/recipe-app/sd-03-recipes-app-04/src/tests/Mocks/Fetch.js
FNF:0
FNH:0
DA:3,4
LF:1
LH:1
BRF:0
BRH:0
end_of_record
TN:
SF:/Users/fmartins/Trybe/fabemiliano.github.io/projetos/recipe-app/sd-03-recipes-app-04/src/tests/Mocks/MockLocalStorage.js
FN:2,(anonymous_0)
FN:4,(anonymous_1)
FN:6,(anonymous_2)
FN:8,(anonymous_3)
FN:10,(anonymous_4)
FNF:5
FNH:0
FNDA:0,(anonymous_0)
FNDA:0,(anonymous_1)
FNDA:0,(anonymous_2)
FNDA:0,(anonymous_3)
FNDA:0,(anonymous_4)
DA:2,0
DA:4,0
DA:6,0
DA:8,0
DA:10,0
LF:5
LH:0
BRDA:2,0,0,0
BRF:1
BRH:0
end_of_record
TN:
SF:/Users/fmartins/Trybe/fabemiliano.github.io/projetos/recipe-app/sd-03-recipes-app-04/src/tests/Mocks/RenderService.js
FN:7,renderWithRouter
FNF:1
FNH:1
FNDA:27,renderWithRouter
DA:11,27
LF:1
LH:1
BRDA:9,0,0,27
BRDA:9,1,0,27
BRDA:9,2,0,27
BRF:3
BRH:3
end_of_record
